Symlinking /home/wavb/Documents/fmSpin/W.a.v_B/RosPackages/ros_wav/devel/share/rplidar_ros/cmake/rplidar_rosConfig.cmake
Symlinking /home/wavb/Documents/fmSpin/W.a.v_B/RosPackages/ros_wav/devel/share/rplidar_ros/cmake/rplidar_rosConfig-version.cmake
Symlinking /home/wavb/Documents/fmSpin/W.a.v_B/RosPackages/ros_wav/devel/lib/rplidar_ros/rplidarNodeClient
Symlinking /home/wavb/Documents/fmSpin/W.a.v_B/RosPackages/ros_wav/devel/lib/rplidar_ros/rplidarNode
Symlinking /home/wavb/Documents/fmSpin/W.a.v_B/RosPackages/ros_wav/devel/lib/pkgconfig/rplidar_ros.pc
Cleaning: (/home/wavb/Documents/fmSpin/Wav_B/RosPackages/ros_wav/devel/.private/rplidar_ros/cmake.lock, /home/wavb/Documents/fmSpin/Wav_B/RosPackages/ros_wav/devel/./cmake.lock)
Cleaning: (/home/wavb/Documents/fmSpin/Wav_B/RosPackages/ros_wav/devel/.private/rplidar_ros/share/rplidar_ros/cmake/rplidar_rosConfig.cmake, /home/wavb/Documents/fmSpin/Wav_B/RosPackages/ros_wav/devel/share/rplidar_ros/cmake/rplidar_rosConfig.cmake)
Cleaning: (/home/wavb/Documents/fmSpin/Wav_B/RosPackages/ros_wav/devel/.private/rplidar_ros/share/rplidar_ros/cmake/rplidar_rosConfig-version.cmake, /home/wavb/Documents/fmSpin/Wav_B/RosPackages/ros_wav/devel/share/rplidar_ros/cmake/rplidar_rosConfig-version.cmake)
Cleaning: (/home/wavb/Documents/fmSpin/Wav_B/RosPackages/ros_wav/devel/.private/rplidar_ros/lib/rplidar_ros/rplidarNodeClient, /home/wavb/Documents/fmSpin/Wav_B/RosPackages/ros_wav/devel/lib/rplidar_ros/rplidarNodeClient)
Cleaning: (/home/wavb/Documents/fmSpin/Wav_B/RosPackages/ros_wav/devel/.private/rplidar_ros/lib/rplidar_ros/rplidarNode, /home/wavb/Documents/fmSpin/Wav_B/RosPackages/ros_wav/devel/lib/rplidar_ros/rplidarNode)
Cleaning: (/home/wavb/Documents/fmSpin/Wav_B/RosPackages/ros_wav/devel/.private/rplidar_ros/lib/pkgconfig/rplidar_ros.pc, /home/wavb/Documents/fmSpin/Wav_B/RosPackages/ros_wav/devel/lib/pkgconfig/rplidar_ros.pc)
Unlinking: /home/wavb/Documents/fmSpin/Wav_B/RosPackages/ros_wav/devel/share/rplidar_ros/cmake/rplidar_rosConfig.cmake
Already unlinked: {}
Unlinking: /home/wavb/Documents/fmSpin/Wav_B/RosPackages/ros_wav/devel/share/rplidar_ros/cmake/rplidar_rosConfig-version.cmake
Already unlinked: {}
Unlinking: /home/wavb/Documents/fmSpin/Wav_B/RosPackages/ros_wav/devel/lib/rplidar_ros/rplidarNodeClient
Already unlinked: {}
Unlinking: /home/wavb/Documents/fmSpin/Wav_B/RosPackages/ros_wav/devel/lib/rplidar_ros/rplidarNode
Already unlinked: {}
Unlinking: /home/wavb/Documents/fmSpin/Wav_B/RosPackages/ros_wav/devel/lib/pkgconfig/rplidar_ros.pc
Already unlinked: {}
