Symlinking /home/wavb/Documents/fmSpin/W.a.v_B/RosPackages/ros_wav/devel/share/ira_laser_tools/cmake/ira_laser_toolsConfig.cmake
Symlinking /home/wavb/Documents/fmSpin/W.a.v_B/RosPackages/ros_wav/devel/share/ira_laser_tools/cmake/ira_laser_toolsConfig-version.cmake
Symlinking /home/wavb/Documents/fmSpin/W.a.v_B/RosPackages/ros_wav/devel/share/ira_laser_tools/docs/laserscan_multi_mergerConfig.wikidoc
Symlinking /home/wavb/Documents/fmSpin/W.a.v_B/RosPackages/ros_wav/devel/share/ira_laser_tools/docs/laserscan_virtualizerConfig-usage.dox
Symlinking /home/wavb/Documents/fmSpin/W.a.v_B/RosPackages/ros_wav/devel/share/ira_laser_tools/docs/laserscan_multi_mergerConfig.dox
Symlinking /home/wavb/Documents/fmSpin/W.a.v_B/RosPackages/ros_wav/devel/share/ira_laser_tools/docs/laserscan_multi_mergerConfig-usage.dox
Symlinking /home/wavb/Documents/fmSpin/W.a.v_B/RosPackages/ros_wav/devel/share/ira_laser_tools/docs/laserscan_virtualizerConfig.wikidoc
Symlinking /home/wavb/Documents/fmSpin/W.a.v_B/RosPackages/ros_wav/devel/share/ira_laser_tools/docs/laserscan_virtualizerConfig.dox
Symlinking /home/wavb/Documents/fmSpin/W.a.v_B/RosPackages/ros_wav/devel/include/ira_laser_tools/laserscan_multi_mergerConfig.h
Symlinking /home/wavb/Documents/fmSpin/W.a.v_B/RosPackages/ros_wav/devel/include/ira_laser_tools/laserscan_virtualizerConfig.h
Symlinking /home/wavb/Documents/fmSpin/W.a.v_B/RosPackages/ros_wav/devel/lib/pkgconfig/ira_laser_tools.pc
Symlinking /home/wavb/Documents/fmSpin/W.a.v_B/RosPackages/ros_wav/devel/lib/python3/dist-packages/ira_laser_tools/__init__.py
Symlinking /home/wavb/Documents/fmSpin/W.a.v_B/RosPackages/ros_wav/devel/lib/python3/dist-packages/ira_laser_tools/cfg/__init__.py
Symlinking /home/wavb/Documents/fmSpin/W.a.v_B/RosPackages/ros_wav/devel/lib/python3/dist-packages/ira_laser_tools/cfg/laserscan_virtualizerConfig.py
Symlinking /home/wavb/Documents/fmSpin/W.a.v_B/RosPackages/ros_wav/devel/lib/python3/dist-packages/ira_laser_tools/cfg/laserscan_multi_mergerConfig.py
Symlinking /home/wavb/Documents/fmSpin/W.a.v_B/RosPackages/ros_wav/devel/lib/ira_laser_tools/laserscan_virtualizer
Symlinking /home/wavb/Documents/fmSpin/W.a.v_B/RosPackages/ros_wav/devel/lib/ira_laser_tools/laserscan_multi_merger
Cleaning: (/home/wavb/Documents/fmSpin/Wav_B/RosPackages/ros_wav/devel/.private/ira_laser_tools/cmake.lock, /home/wavb/Documents/fmSpin/Wav_B/RosPackages/ros_wav/devel/./cmake.lock)
Cleaning: (/home/wavb/Documents/fmSpin/Wav_B/RosPackages/ros_wav/devel/.private/ira_laser_tools/share/ira_laser_tools/cmake/ira_laser_toolsConfig.cmake, /home/wavb/Documents/fmSpin/Wav_B/RosPackages/ros_wav/devel/share/ira_laser_tools/cmake/ira_laser_toolsConfig.cmake)
Cleaning: (/home/wavb/Documents/fmSpin/Wav_B/RosPackages/ros_wav/devel/.private/ira_laser_tools/share/ira_laser_tools/cmake/ira_laser_toolsConfig-version.cmake, /home/wavb/Documents/fmSpin/Wav_B/RosPackages/ros_wav/devel/share/ira_laser_tools/cmake/ira_laser_toolsConfig-version.cmake)
Cleaning: (/home/wavb/Documents/fmSpin/Wav_B/RosPackages/ros_wav/devel/.private/ira_laser_tools/share/ira_laser_tools/docs/laserscan_multi_mergerConfig.wikidoc, /home/wavb/Documents/fmSpin/Wav_B/RosPackages/ros_wav/devel/share/ira_laser_tools/docs/laserscan_multi_mergerConfig.wikidoc)
Cleaning: (/home/wavb/Documents/fmSpin/Wav_B/RosPackages/ros_wav/devel/.private/ira_laser_tools/share/ira_laser_tools/docs/laserscan_virtualizerConfig-usage.dox, /home/wavb/Documents/fmSpin/Wav_B/RosPackages/ros_wav/devel/share/ira_laser_tools/docs/laserscan_virtualizerConfig-usage.dox)
Cleaning: (/home/wavb/Documents/fmSpin/Wav_B/RosPackages/ros_wav/devel/.private/ira_laser_tools/share/ira_laser_tools/docs/laserscan_multi_mergerConfig.dox, /home/wavb/Documents/fmSpin/Wav_B/RosPackages/ros_wav/devel/share/ira_laser_tools/docs/laserscan_multi_mergerConfig.dox)
Cleaning: (/home/wavb/Documents/fmSpin/Wav_B/RosPackages/ros_wav/devel/.private/ira_laser_tools/share/ira_laser_tools/docs/laserscan_multi_mergerConfig-usage.dox, /home/wavb/Documents/fmSpin/Wav_B/RosPackages/ros_wav/devel/share/ira_laser_tools/docs/laserscan_multi_mergerConfig-usage.dox)
Cleaning: (/home/wavb/Documents/fmSpin/Wav_B/RosPackages/ros_wav/devel/.private/ira_laser_tools/share/ira_laser_tools/docs/laserscan_virtualizerConfig.wikidoc, /home/wavb/Documents/fmSpin/Wav_B/RosPackages/ros_wav/devel/share/ira_laser_tools/docs/laserscan_virtualizerConfig.wikidoc)
Cleaning: (/home/wavb/Documents/fmSpin/Wav_B/RosPackages/ros_wav/devel/.private/ira_laser_tools/share/ira_laser_tools/docs/laserscan_virtualizerConfig.dox, /home/wavb/Documents/fmSpin/Wav_B/RosPackages/ros_wav/devel/share/ira_laser_tools/docs/laserscan_virtualizerConfig.dox)
Cleaning: (/home/wavb/Documents/fmSpin/Wav_B/RosPackages/ros_wav/devel/.private/ira_laser_tools/include/ira_laser_tools/laserscan_multi_mergerConfig.h, /home/wavb/Documents/fmSpin/Wav_B/RosPackages/ros_wav/devel/include/ira_laser_tools/laserscan_multi_mergerConfig.h)
Cleaning: (/home/wavb/Documents/fmSpin/Wav_B/RosPackages/ros_wav/devel/.private/ira_laser_tools/include/ira_laser_tools/laserscan_virtualizerConfig.h, /home/wavb/Documents/fmSpin/Wav_B/RosPackages/ros_wav/devel/include/ira_laser_tools/laserscan_virtualizerConfig.h)
Cleaning: (/home/wavb/Documents/fmSpin/Wav_B/RosPackages/ros_wav/devel/.private/ira_laser_tools/lib/pkgconfig/ira_laser_tools.pc, /home/wavb/Documents/fmSpin/Wav_B/RosPackages/ros_wav/devel/lib/pkgconfig/ira_laser_tools.pc)
Cleaning: (/home/wavb/Documents/fmSpin/Wav_B/RosPackages/ros_wav/devel/.private/ira_laser_tools/lib/python3/dist-packages/ira_laser_tools/__init__.py, /home/wavb/Documents/fmSpin/Wav_B/RosPackages/ros_wav/devel/lib/python3/dist-packages/ira_laser_tools/__init__.py)
Cleaning: (/home/wavb/Documents/fmSpin/Wav_B/RosPackages/ros_wav/devel/.private/ira_laser_tools/lib/python3/dist-packages/ira_laser_tools/cfg/__init__.py, /home/wavb/Documents/fmSpin/Wav_B/RosPackages/ros_wav/devel/lib/python3/dist-packages/ira_laser_tools/cfg/__init__.py)
Cleaning: (/home/wavb/Documents/fmSpin/Wav_B/RosPackages/ros_wav/devel/.private/ira_laser_tools/lib/python3/dist-packages/ira_laser_tools/cfg/laserscan_virtualizerConfig.py, /home/wavb/Documents/fmSpin/Wav_B/RosPackages/ros_wav/devel/lib/python3/dist-packages/ira_laser_tools/cfg/laserscan_virtualizerConfig.py)
Cleaning: (/home/wavb/Documents/fmSpin/Wav_B/RosPackages/ros_wav/devel/.private/ira_laser_tools/lib/python3/dist-packages/ira_laser_tools/cfg/laserscan_multi_mergerConfig.py, /home/wavb/Documents/fmSpin/Wav_B/RosPackages/ros_wav/devel/lib/python3/dist-packages/ira_laser_tools/cfg/laserscan_multi_mergerConfig.py)
Cleaning: (/home/wavb/Documents/fmSpin/Wav_B/RosPackages/ros_wav/devel/.private/ira_laser_tools/lib/ira_laser_tools/laserscan_virtualizer, /home/wavb/Documents/fmSpin/Wav_B/RosPackages/ros_wav/devel/lib/ira_laser_tools/laserscan_virtualizer)
Cleaning: (/home/wavb/Documents/fmSpin/Wav_B/RosPackages/ros_wav/devel/.private/ira_laser_tools/lib/ira_laser_tools/laserscan_multi_merger, /home/wavb/Documents/fmSpin/Wav_B/RosPackages/ros_wav/devel/lib/ira_laser_tools/laserscan_multi_merger)
Unlinking: /home/wavb/Documents/fmSpin/Wav_B/RosPackages/ros_wav/devel/share/ira_laser_tools/cmake/ira_laser_toolsConfig.cmake
Already unlinked: {}
Unlinking: /home/wavb/Documents/fmSpin/Wav_B/RosPackages/ros_wav/devel/share/ira_laser_tools/cmake/ira_laser_toolsConfig-version.cmake
Already unlinked: {}
Unlinking: /home/wavb/Documents/fmSpin/Wav_B/RosPackages/ros_wav/devel/share/ira_laser_tools/docs/laserscan_multi_mergerConfig.wikidoc
Already unlinked: {}
Unlinking: /home/wavb/Documents/fmSpin/Wav_B/RosPackages/ros_wav/devel/share/ira_laser_tools/docs/laserscan_virtualizerConfig-usage.dox
Already unlinked: {}
Unlinking: /home/wavb/Documents/fmSpin/Wav_B/RosPackages/ros_wav/devel/share/ira_laser_tools/docs/laserscan_multi_mergerConfig.dox
Already unlinked: {}
Unlinking: /home/wavb/Documents/fmSpin/Wav_B/RosPackages/ros_wav/devel/share/ira_laser_tools/docs/laserscan_multi_mergerConfig-usage.dox
Already unlinked: {}
Unlinking: /home/wavb/Documents/fmSpin/Wav_B/RosPackages/ros_wav/devel/share/ira_laser_tools/docs/laserscan_virtualizerConfig.wikidoc
Already unlinked: {}
Unlinking: /home/wavb/Documents/fmSpin/Wav_B/RosPackages/ros_wav/devel/share/ira_laser_tools/docs/laserscan_virtualizerConfig.dox
Already unlinked: {}
Unlinking: /home/wavb/Documents/fmSpin/Wav_B/RosPackages/ros_wav/devel/include/ira_laser_tools/laserscan_multi_mergerConfig.h
Already unlinked: {}
Unlinking: /home/wavb/Documents/fmSpin/Wav_B/RosPackages/ros_wav/devel/include/ira_laser_tools/laserscan_virtualizerConfig.h
Already unlinked: {}
Unlinking: /home/wavb/Documents/fmSpin/Wav_B/RosPackages/ros_wav/devel/lib/pkgconfig/ira_laser_tools.pc
Already unlinked: {}
Unlinking: /home/wavb/Documents/fmSpin/Wav_B/RosPackages/ros_wav/devel/lib/python3/dist-packages/ira_laser_tools/__init__.py
Already unlinked: {}
Unlinking: /home/wavb/Documents/fmSpin/Wav_B/RosPackages/ros_wav/devel/lib/python3/dist-packages/ira_laser_tools/cfg/__init__.py
Already unlinked: {}
Unlinking: /home/wavb/Documents/fmSpin/Wav_B/RosPackages/ros_wav/devel/lib/python3/dist-packages/ira_laser_tools/cfg/laserscan_virtualizerConfig.py
Already unlinked: {}
Unlinking: /home/wavb/Documents/fmSpin/Wav_B/RosPackages/ros_wav/devel/lib/python3/dist-packages/ira_laser_tools/cfg/laserscan_multi_mergerConfig.py
Already unlinked: {}
Unlinking: /home/wavb/Documents/fmSpin/Wav_B/RosPackages/ros_wav/devel/lib/ira_laser_tools/laserscan_virtualizer
Already unlinked: {}
Unlinking: /home/wavb/Documents/fmSpin/Wav_B/RosPackages/ros_wav/devel/lib/ira_laser_tools/laserscan_multi_merger
Already unlinked: {}
