In file included from [01m[K/opt/ros/noetic/include/ros/ros.h:40[m[K,
                 from [01m[K/home/wavb/Documents/fmSpin/W.a.v_B/RosPackages/ros_wav/src/scan_tools-indigo/laser_scan_sparsifier/include/laser_scan_sparsifier/laser_scan_sparsifier.h:33[m[K,
                 from [01m[K/home/wavb/Documents/fmSpin/W.a.v_B/RosPackages/ros_wav/src/scan_tools-indigo/laser_scan_sparsifier/src/laser_scan_sparsifier.cpp:30[m[K:
[01m[K/home/wavb/Documents/fmSpin/W.a.v_B/RosPackages/ros_wav/src/scan_tools-indigo/laser_scan_sparsifier/src/laser_scan_sparsifier.cpp:[m[K In constructor ‘[01m[Kscan_tools::LaserScanSparsifier::LaserScanSparsifier(ros::NodeHandle, ros::NodeHandle)[m[K’:
[01m[K/home/wavb/Documents/fmSpin/W.a.v_B/RosPackages/ros_wav/src/scan_tools-indigo/laser_scan_sparsifier/src/laser_scan_sparsifier.cpp:46:5:[m[K [01;35m[Kwarning: [m[Kunknown conversion type character ‘[01m[K,[m[K’ in format [[01;35m[K-Wformat=[m[K]
   46 |     [01;35m[K"step parameter is set to %, must be > 0"[m[K, step_);
      |     [01;35m[K^~~~~~~~~~~~~~~~~~~~~~~~~~~~~~~~~~~~~~~~~[m[K
[01m[K/opt/ros/noetic/include/ros/console.h:351:165:[m[K [01;36m[Knote: [m[Kin definition of macro ‘[01m[KROSCONSOLE_PRINT_AT_LOCATION_WITH_FILTER[m[K’
  351 |     ::ros::console::print(filter, __rosconsole_define_location__loc.logger_, __rosconsole_define_location__loc.level_, __FILE__, __LINE__, __ROSCONSOLE_FUNCTION__, [01;36m[K__VA_ARGS__[m[K)
      |                                                                                                                                                                     [01;36m[K^~~~~~~~~~~[m[K
[01m[K/opt/ros/noetic/include/ros/console.h:390:7:[m[K [01;36m[Knote: [m[Kin expansion of macro ‘[01m[KROSCONSOLE_PRINT_AT_LOCATION[m[K’
  390 |       [01;36m[KROSCONSOLE_PRINT_AT_LOCATION[m[K(__VA_ARGS__); \
      |       [01;36m[K^~~~~~~~~~~~~~~~~~~~~~~~~~~~[m[K
[01m[K/opt/ros/noetic/include/ros/console.h:575:35:[m[K [01;36m[Knote: [m[Kin expansion of macro ‘[01m[KROS_LOG_COND[m[K’
  575 | #define ROS_LOG(level, name, ...) [01;36m[KROS_LOG_COND[m[K(true, level, name, __VA_ARGS__)
      |                                   [01;36m[K^~~~~~~~~~~~[m[K
[01m[K/opt/ros/noetic/include/rosconsole/macros_generated.h:266:24:[m[K [01;36m[Knote: [m[Kin expansion of macro ‘[01m[KROS_LOG[m[K’
  266 | #define ROS_FATAL(...) [01;36m[KROS_LOG[m[K(::ros::console::levels::Fatal, ROSCONSOLE_DEFAULT_NAME, __VA_ARGS__)
      |                        [01;36m[K^~~~~~~[m[K
[01m[K/opt/ros/noetic/include/ros/assert.h:132:7:[m[K [01;36m[Knote: [m[Kin expansion of macro ‘[01m[KROS_FATAL[m[K’
  132 |       [01;36m[KROS_FATAL[m[K(__VA_ARGS__); \
      |       [01;36m[K^~~~~~~~~[m[K
[01m[K/home/wavb/Documents/fmSpin/W.a.v_B/RosPackages/ros_wav/src/scan_tools-indigo/laser_scan_sparsifier/src/laser_scan_sparsifier.cpp:45:3:[m[K [01;36m[Knote: [m[Kin expansion of macro ‘[01m[KROS_ASSERT_MSG[m[K’
   45 |   [01;36m[KROS_ASSERT_MSG[m[K(step_ > 0,
      |   [01;36m[K^~~~~~~~~~~~~~[m[K
[01m[K/home/wavb/Documents/fmSpin/W.a.v_B/RosPackages/ros_wav/src/scan_tools-indigo/laser_scan_sparsifier/src/laser_scan_sparsifier.cpp:46:32:[m[K [01;36m[Knote: [m[Kformat string is defined here
   46 |     "step parameter is set to %[01;36m[K,[m[K must be > 0", step_);
      |                                [01;36m[K^[m[K
In file included from [01m[K/opt/ros/noetic/include/ros/ros.h:40[m[K,
                 from [01m[K/home/wavb/Documents/fmSpin/W.a.v_B/RosPackages/ros_wav/src/scan_tools-indigo/laser_scan_sparsifier/include/laser_scan_sparsifier/laser_scan_sparsifier.h:33[m[K,
                 from [01m[K/home/wavb/Documents/fmSpin/W.a.v_B/RosPackages/ros_wav/src/scan_tools-indigo/laser_scan_sparsifier/src/laser_scan_sparsifier.cpp:30[m[K:
[01m[K/home/wavb/Documents/fmSpin/W.a.v_B/RosPackages/ros_wav/src/scan_tools-indigo/laser_scan_sparsifier/src/laser_scan_sparsifier.cpp:46:5:[m[K [01;35m[Kwarning: [m[Ktoo many arguments for format [[01;35m[K-Wformat-extra-args[m[K]
   46 |     [01;35m[K"step parameter is set to %, must be > 0"[m[K, step_);
      |     [01;35m[K^~~~~~~~~~~~~~~~~~~~~~~~~~~~~~~~~~~~~~~~~[m[K
[01m[K/opt/ros/noetic/include/ros/console.h:351:165:[m[K [01;36m[Knote: [m[Kin definition of macro ‘[01m[KROSCONSOLE_PRINT_AT_LOCATION_WITH_FILTER[m[K’
  351 |     ::ros::console::print(filter, __rosconsole_define_location__loc.logger_, __rosconsole_define_location__loc.level_, __FILE__, __LINE__, __ROSCONSOLE_FUNCTION__, [01;36m[K__VA_ARGS__[m[K)
      |                                                                                                                                                                     [01;36m[K^~~~~~~~~~~[m[K
[01m[K/opt/ros/noetic/include/ros/console.h:390:7:[m[K [01;36m[Knote: [m[Kin expansion of macro ‘[01m[KROSCONSOLE_PRINT_AT_LOCATION[m[K’
  390 |       [01;36m[KROSCONSOLE_PRINT_AT_LOCATION[m[K(__VA_ARGS__); \
      |       [01;36m[K^~~~~~~~~~~~~~~~~~~~~~~~~~~~[m[K
[01m[K/opt/ros/noetic/include/ros/console.h:575:35:[m[K [01;36m[Knote: [m[Kin expansion of macro ‘[01m[KROS_LOG_COND[m[K’
  575 | #define ROS_LOG(level, name, ...) [01;36m[KROS_LOG_COND[m[K(true, level, name, __VA_ARGS__)
      |                                   [01;36m[K^~~~~~~~~~~~[m[K
[01m[K/opt/ros/noetic/include/rosconsole/macros_generated.h:266:24:[m[K [01;36m[Knote: [m[Kin expansion of macro ‘[01m[KROS_LOG[m[K’
  266 | #define ROS_FATAL(...) [01;36m[KROS_LOG[m[K(::ros::console::levels::Fatal, ROSCONSOLE_DEFAULT_NAME, __VA_ARGS__)
      |                        [01;36m[K^~~~~~~[m[K
[01m[K/opt/ros/noetic/include/ros/assert.h:132:7:[m[K [01;36m[Knote: [m[Kin expansion of macro ‘[01m[KROS_FATAL[m[K’
  132 |       [01;36m[KROS_FATAL[m[K(__VA_ARGS__); \
      |       [01;36m[K^~~~~~~~~[m[K
[01m[K/home/wavb/Documents/fmSpin/W.a.v_B/RosPackages/ros_wav/src/scan_tools-indigo/laser_scan_sparsifier/src/laser_scan_sparsifier.cpp:45:3:[m[K [01;36m[Knote: [m[Kin expansion of macro ‘[01m[KROS_ASSERT_MSG[m[K’
   45 |   [01;36m[KROS_ASSERT_MSG[m[K(step_ > 0,
      |   [01;36m[K^~~~~~~~~~~~~~[m[K
