Symlinking /home/wavb/Documents/fmSpin/W.a.v_B/RosPackages/ros_wav/devel/share/laser_scan_matcher/cmake/laser_scan_matcherConfig-version.cmake
Symlinking /home/wavb/Documents/fmSpin/W.a.v_B/RosPackages/ros_wav/devel/share/laser_scan_matcher/cmake/laser_scan_matcherConfig.cmake
Symlinking /home/wavb/Documents/fmSpin/W.a.v_B/RosPackages/ros_wav/devel/lib/liblaser_scan_matcher_nodelet.so
Symlinking /home/wavb/Documents/fmSpin/W.a.v_B/RosPackages/ros_wav/devel/lib/liblaser_scan_matcher.so
Symlinking /home/wavb/Documents/fmSpin/W.a.v_B/RosPackages/ros_wav/devel/lib/laser_scan_matcher/laser_scan_matcher_node
Symlinking /home/wavb/Documents/fmSpin/W.a.v_B/RosPackages/ros_wav/devel/lib/pkgconfig/laser_scan_matcher.pc
Cleaning: (/home/wavb/Documents/fmSpin/Wav_B/RosPackages/ros_wav/devel/.private/laser_scan_matcher/cmake.lock, /home/wavb/Documents/fmSpin/Wav_B/RosPackages/ros_wav/devel/./cmake.lock)
Cleaning: (/home/wavb/Documents/fmSpin/Wav_B/RosPackages/ros_wav/devel/.private/laser_scan_matcher/share/laser_scan_matcher/cmake/laser_scan_matcherConfig-version.cmake, /home/wavb/Documents/fmSpin/Wav_B/RosPackages/ros_wav/devel/share/laser_scan_matcher/cmake/laser_scan_matcherConfig-version.cmake)
Cleaning: (/home/wavb/Documents/fmSpin/Wav_B/RosPackages/ros_wav/devel/.private/laser_scan_matcher/share/laser_scan_matcher/cmake/laser_scan_matcherConfig.cmake, /home/wavb/Documents/fmSpin/Wav_B/RosPackages/ros_wav/devel/share/laser_scan_matcher/cmake/laser_scan_matcherConfig.cmake)
Cleaning: (/home/wavb/Documents/fmSpin/Wav_B/RosPackages/ros_wav/devel/.private/laser_scan_matcher/lib/liblaser_scan_matcher_nodelet.so, /home/wavb/Documents/fmSpin/Wav_B/RosPackages/ros_wav/devel/lib/liblaser_scan_matcher_nodelet.so)
Cleaning: (/home/wavb/Documents/fmSpin/Wav_B/RosPackages/ros_wav/devel/.private/laser_scan_matcher/lib/liblaser_scan_matcher.so, /home/wavb/Documents/fmSpin/Wav_B/RosPackages/ros_wav/devel/lib/liblaser_scan_matcher.so)
Cleaning: (/home/wavb/Documents/fmSpin/Wav_B/RosPackages/ros_wav/devel/.private/laser_scan_matcher/lib/laser_scan_matcher/laser_scan_matcher_node, /home/wavb/Documents/fmSpin/Wav_B/RosPackages/ros_wav/devel/lib/laser_scan_matcher/laser_scan_matcher_node)
Cleaning: (/home/wavb/Documents/fmSpin/Wav_B/RosPackages/ros_wav/devel/.private/laser_scan_matcher/lib/pkgconfig/laser_scan_matcher.pc, /home/wavb/Documents/fmSpin/Wav_B/RosPackages/ros_wav/devel/lib/pkgconfig/laser_scan_matcher.pc)
Unlinking: /home/wavb/Documents/fmSpin/Wav_B/RosPackages/ros_wav/devel/share/laser_scan_matcher/cmake/laser_scan_matcherConfig-version.cmake
Already unlinked: {}
Unlinking: /home/wavb/Documents/fmSpin/Wav_B/RosPackages/ros_wav/devel/share/laser_scan_matcher/cmake/laser_scan_matcherConfig.cmake
Already unlinked: {}
Unlinking: /home/wavb/Documents/fmSpin/Wav_B/RosPackages/ros_wav/devel/lib/liblaser_scan_matcher_nodelet.so
Already unlinked: {}
Unlinking: /home/wavb/Documents/fmSpin/Wav_B/RosPackages/ros_wav/devel/lib/liblaser_scan_matcher.so
Already unlinked: {}
Unlinking: /home/wavb/Documents/fmSpin/Wav_B/RosPackages/ros_wav/devel/lib/laser_scan_matcher/laser_scan_matcher_node
Already unlinked: {}
Unlinking: /home/wavb/Documents/fmSpin/Wav_B/RosPackages/ros_wav/devel/lib/pkgconfig/laser_scan_matcher.pc
Already unlinked: {}
