Symlinking /home/wavb/Documents/fmSpin/W.a.v_B/RosPackages/ros_wav/devel/share/polar_scan_matcher/cmake/polar_scan_matcherConfig-version.cmake
Symlinking /home/wavb/Documents/fmSpin/W.a.v_B/RosPackages/ros_wav/devel/share/polar_scan_matcher/cmake/polar_scan_matcherConfig.cmake
Symlinking /home/wavb/Documents/fmSpin/W.a.v_B/RosPackages/ros_wav/devel/lib/libpolar_scan_matcher.so
Symlinking /home/wavb/Documents/fmSpin/W.a.v_B/RosPackages/ros_wav/devel/lib/pkgconfig/polar_scan_matcher.pc
Symlinking /home/wavb/Documents/fmSpin/W.a.v_B/RosPackages/ros_wav/devel/lib/polar_scan_matcher/psm_node
Cleaning: (/home/wavb/Documents/fmSpin/Wav_B/RosPackages/ros_wav/devel/.private/polar_scan_matcher/cmake.lock, /home/wavb/Documents/fmSpin/Wav_B/RosPackages/ros_wav/devel/./cmake.lock)
Cleaning: (/home/wavb/Documents/fmSpin/Wav_B/RosPackages/ros_wav/devel/.private/polar_scan_matcher/share/polar_scan_matcher/cmake/polar_scan_matcherConfig-version.cmake, /home/wavb/Documents/fmSpin/Wav_B/RosPackages/ros_wav/devel/share/polar_scan_matcher/cmake/polar_scan_matcherConfig-version.cmake)
Cleaning: (/home/wavb/Documents/fmSpin/Wav_B/RosPackages/ros_wav/devel/.private/polar_scan_matcher/share/polar_scan_matcher/cmake/polar_scan_matcherConfig.cmake, /home/wavb/Documents/fmSpin/Wav_B/RosPackages/ros_wav/devel/share/polar_scan_matcher/cmake/polar_scan_matcherConfig.cmake)
Cleaning: (/home/wavb/Documents/fmSpin/Wav_B/RosPackages/ros_wav/devel/.private/polar_scan_matcher/lib/libpolar_scan_matcher.so, /home/wavb/Documents/fmSpin/Wav_B/RosPackages/ros_wav/devel/lib/libpolar_scan_matcher.so)
Cleaning: (/home/wavb/Documents/fmSpin/Wav_B/RosPackages/ros_wav/devel/.private/polar_scan_matcher/lib/pkgconfig/polar_scan_matcher.pc, /home/wavb/Documents/fmSpin/Wav_B/RosPackages/ros_wav/devel/lib/pkgconfig/polar_scan_matcher.pc)
Cleaning: (/home/wavb/Documents/fmSpin/Wav_B/RosPackages/ros_wav/devel/.private/polar_scan_matcher/lib/polar_scan_matcher/psm_node, /home/wavb/Documents/fmSpin/Wav_B/RosPackages/ros_wav/devel/lib/polar_scan_matcher/psm_node)
Unlinking: /home/wavb/Documents/fmSpin/Wav_B/RosPackages/ros_wav/devel/share/polar_scan_matcher/cmake/polar_scan_matcherConfig-version.cmake
Already unlinked: {}
Unlinking: /home/wavb/Documents/fmSpin/Wav_B/RosPackages/ros_wav/devel/share/polar_scan_matcher/cmake/polar_scan_matcherConfig.cmake
Already unlinked: {}
Unlinking: /home/wavb/Documents/fmSpin/Wav_B/RosPackages/ros_wav/devel/lib/libpolar_scan_matcher.so
Already unlinked: {}
Unlinking: /home/wavb/Documents/fmSpin/Wav_B/RosPackages/ros_wav/devel/lib/pkgconfig/polar_scan_matcher.pc
Already unlinked: {}
Unlinking: /home/wavb/Documents/fmSpin/Wav_B/RosPackages/ros_wav/devel/lib/polar_scan_matcher/psm_node
Already unlinked: {}
