Symlinking /home/wavb/Documents/fmSpin/W.a.v_B/RosPackages/ros_wav/devel/share/move_base/cmake/move_baseConfig-version.cmake
Symlinking /home/wavb/Documents/fmSpin/W.a.v_B/RosPackages/ros_wav/devel/share/move_base/cmake/move_baseConfig.cmake
Symlinking /home/wavb/Documents/fmSpin/W.a.v_B/RosPackages/ros_wav/devel/share/move_base/docs/MoveBaseConfig.dox
Symlinking /home/wavb/Documents/fmSpin/W.a.v_B/RosPackages/ros_wav/devel/share/move_base/docs/MoveBaseConfig.wikidoc
Symlinking /home/wavb/Documents/fmSpin/W.a.v_B/RosPackages/ros_wav/devel/share/move_base/docs/MoveBaseConfig-usage.dox
Symlinking /home/wavb/Documents/fmSpin/W.a.v_B/RosPackages/ros_wav/devel/include/move_base/MoveBaseConfig.h
Symlinking /home/wavb/Documents/fmSpin/W.a.v_B/RosPackages/ros_wav/devel/lib/libmove_base.so
Symlinking /home/wavb/Documents/fmSpin/W.a.v_B/RosPackages/ros_wav/devel/lib/pkgconfig/move_base.pc
Symlinking /home/wavb/Documents/fmSpin/W.a.v_B/RosPackages/ros_wav/devel/lib/move_base/move_base
Symlinking /home/wavb/Documents/fmSpin/W.a.v_B/RosPackages/ros_wav/devel/lib/python3/dist-packages/move_base/__init__.py
Symlinking /home/wavb/Documents/fmSpin/W.a.v_B/RosPackages/ros_wav/devel/lib/python3/dist-packages/move_base/cfg/__init__.py
Symlinking /home/wavb/Documents/fmSpin/W.a.v_B/RosPackages/ros_wav/devel/lib/python3/dist-packages/move_base/cfg/MoveBaseConfig.py
Cleaning: (/home/wavb/Documents/fmSpin/Wav_B/RosPackages/ros_wav/devel/.private/move_base/cmake.lock, /home/wavb/Documents/fmSpin/Wav_B/RosPackages/ros_wav/devel/./cmake.lock)
Cleaning: (/home/wavb/Documents/fmSpin/Wav_B/RosPackages/ros_wav/devel/.private/move_base/share/move_base/cmake/move_baseConfig-version.cmake, /home/wavb/Documents/fmSpin/Wav_B/RosPackages/ros_wav/devel/share/move_base/cmake/move_baseConfig-version.cmake)
Cleaning: (/home/wavb/Documents/fmSpin/Wav_B/RosPackages/ros_wav/devel/.private/move_base/share/move_base/cmake/move_baseConfig.cmake, /home/wavb/Documents/fmSpin/Wav_B/RosPackages/ros_wav/devel/share/move_base/cmake/move_baseConfig.cmake)
Cleaning: (/home/wavb/Documents/fmSpin/Wav_B/RosPackages/ros_wav/devel/.private/move_base/share/move_base/docs/MoveBaseConfig.dox, /home/wavb/Documents/fmSpin/Wav_B/RosPackages/ros_wav/devel/share/move_base/docs/MoveBaseConfig.dox)
Cleaning: (/home/wavb/Documents/fmSpin/Wav_B/RosPackages/ros_wav/devel/.private/move_base/share/move_base/docs/MoveBaseConfig.wikidoc, /home/wavb/Documents/fmSpin/Wav_B/RosPackages/ros_wav/devel/share/move_base/docs/MoveBaseConfig.wikidoc)
Cleaning: (/home/wavb/Documents/fmSpin/Wav_B/RosPackages/ros_wav/devel/.private/move_base/share/move_base/docs/MoveBaseConfig-usage.dox, /home/wavb/Documents/fmSpin/Wav_B/RosPackages/ros_wav/devel/share/move_base/docs/MoveBaseConfig-usage.dox)
Cleaning: (/home/wavb/Documents/fmSpin/Wav_B/RosPackages/ros_wav/devel/.private/move_base/include/move_base/MoveBaseConfig.h, /home/wavb/Documents/fmSpin/Wav_B/RosPackages/ros_wav/devel/include/move_base/MoveBaseConfig.h)
Cleaning: (/home/wavb/Documents/fmSpin/Wav_B/RosPackages/ros_wav/devel/.private/move_base/lib/libmove_base.so, /home/wavb/Documents/fmSpin/Wav_B/RosPackages/ros_wav/devel/lib/libmove_base.so)
Cleaning: (/home/wavb/Documents/fmSpin/Wav_B/RosPackages/ros_wav/devel/.private/move_base/lib/pkgconfig/move_base.pc, /home/wavb/Documents/fmSpin/Wav_B/RosPackages/ros_wav/devel/lib/pkgconfig/move_base.pc)
Cleaning: (/home/wavb/Documents/fmSpin/Wav_B/RosPackages/ros_wav/devel/.private/move_base/lib/move_base/move_base, /home/wavb/Documents/fmSpin/Wav_B/RosPackages/ros_wav/devel/lib/move_base/move_base)
Cleaning: (/home/wavb/Documents/fmSpin/Wav_B/RosPackages/ros_wav/devel/.private/move_base/lib/python3/dist-packages/move_base/__init__.py, /home/wavb/Documents/fmSpin/Wav_B/RosPackages/ros_wav/devel/lib/python3/dist-packages/move_base/__init__.py)
Cleaning: (/home/wavb/Documents/fmSpin/Wav_B/RosPackages/ros_wav/devel/.private/move_base/lib/python3/dist-packages/move_base/cfg/__init__.py, /home/wavb/Documents/fmSpin/Wav_B/RosPackages/ros_wav/devel/lib/python3/dist-packages/move_base/cfg/__init__.py)
Cleaning: (/home/wavb/Documents/fmSpin/Wav_B/RosPackages/ros_wav/devel/.private/move_base/lib/python3/dist-packages/move_base/cfg/MoveBaseConfig.py, /home/wavb/Documents/fmSpin/Wav_B/RosPackages/ros_wav/devel/lib/python3/dist-packages/move_base/cfg/MoveBaseConfig.py)
Unlinking: /home/wavb/Documents/fmSpin/Wav_B/RosPackages/ros_wav/devel/share/move_base/cmake/move_baseConfig-version.cmake
Already unlinked: {}
Unlinking: /home/wavb/Documents/fmSpin/Wav_B/RosPackages/ros_wav/devel/share/move_base/cmake/move_baseConfig.cmake
Already unlinked: {}
Unlinking: /home/wavb/Documents/fmSpin/Wav_B/RosPackages/ros_wav/devel/share/move_base/docs/MoveBaseConfig.dox
Already unlinked: {}
Unlinking: /home/wavb/Documents/fmSpin/Wav_B/RosPackages/ros_wav/devel/share/move_base/docs/MoveBaseConfig.wikidoc
Already unlinked: {}
Unlinking: /home/wavb/Documents/fmSpin/Wav_B/RosPackages/ros_wav/devel/share/move_base/docs/MoveBaseConfig-usage.dox
Already unlinked: {}
Unlinking: /home/wavb/Documents/fmSpin/Wav_B/RosPackages/ros_wav/devel/include/move_base/MoveBaseConfig.h
Already unlinked: {}
Unlinking: /home/wavb/Documents/fmSpin/Wav_B/RosPackages/ros_wav/devel/lib/libmove_base.so
Already unlinked: {}
Unlinking: /home/wavb/Documents/fmSpin/Wav_B/RosPackages/ros_wav/devel/lib/pkgconfig/move_base.pc
Already unlinked: {}
Unlinking: /home/wavb/Documents/fmSpin/Wav_B/RosPackages/ros_wav/devel/lib/move_base/move_base
Already unlinked: {}
Unlinking: /home/wavb/Documents/fmSpin/Wav_B/RosPackages/ros_wav/devel/lib/python3/dist-packages/move_base/__init__.py
Already unlinked: {}
Unlinking: /home/wavb/Documents/fmSpin/Wav_B/RosPackages/ros_wav/devel/lib/python3/dist-packages/move_base/cfg/__init__.py
Already unlinked: {}
Unlinking: /home/wavb/Documents/fmSpin/Wav_B/RosPackages/ros_wav/devel/lib/python3/dist-packages/move_base/cfg/MoveBaseConfig.py
Already unlinked: {}
