In file included from [01m[K/opt/ros/noetic/include/ros/ros.h:40[m[K,
                 from [01m[K/home/wavb/Documents/fmSpin/W.a.v_B/RosPackages/ros_wav/src/wavnodes/./include/GoalManager.h:4[m[K,
                 from [01m[K/home/wavb/Documents/fmSpin/W.a.v_B/RosPackages/ros_wav/src/wavnodes/src/GoalManager.cpp:1[m[K:
[01m[K/home/wavb/Documents/fmSpin/W.a.v_B/RosPackages/ros_wav/src/wavnodes/src/GoalManager.cpp:[m[K In member function ‘[01m[Kvoid GoalManager::SendGoal(float, float, float, float, float, float, float)[m[K’:
[01m[K/home/wavb/Documents/fmSpin/W.a.v_B/RosPackages/ros_wav/src/wavnodes/src/GoalManager.cpp:26:14:[m[K [01;35m[Kwarning: [m[Kzero-length gnu_printf format string [[01;35m[K-Wformat-zero-length[m[K]
   26 |     ROS_INFO([01;35m[K""[m[K);
      |              [01;35m[K^~[m[K
[01m[K/opt/ros/noetic/include/ros/console.h:351:165:[m[K [01;36m[Knote: [m[Kin definition of macro ‘[01m[KROSCONSOLE_PRINT_AT_LOCATION_WITH_FILTER[m[K’
  351 |     ::ros::console::print(filter, __rosconsole_define_location__loc.logger_, __rosconsole_define_location__loc.level_, __FILE__, __LINE__, __ROSCONSOLE_FUNCTION__, [01;36m[K__VA_ARGS__[m[K)
      |                                                                                                                                                                     [01;36m[K^~~~~~~~~~~[m[K
[01m[K/opt/ros/noetic/include/ros/console.h:390:7:[m[K [01;36m[Knote: [m[Kin expansion of macro ‘[01m[KROSCONSOLE_PRINT_AT_LOCATION[m[K’
  390 |       [01;36m[KROSCONSOLE_PRINT_AT_LOCATION[m[K(__VA_ARGS__); \
      |       [01;36m[K^~~~~~~~~~~~~~~~~~~~~~~~~~~~[m[K
[01m[K/opt/ros/noetic/include/ros/console.h:575:35:[m[K [01;36m[Knote: [m[Kin expansion of macro ‘[01m[KROS_LOG_COND[m[K’
  575 | #define ROS_LOG(level, name, ...) [01;36m[KROS_LOG_COND[m[K(true, level, name, __VA_ARGS__)
      |                                   [01;36m[K^~~~~~~~~~~~[m[K
[01m[K/opt/ros/noetic/include/rosconsole/macros_generated.h:110:23:[m[K [01;36m[Knote: [m[Kin expansion of macro ‘[01m[KROS_LOG[m[K’
  110 | #define ROS_INFO(...) [01;36m[KROS_LOG[m[K(::ros::console::levels::Info, ROSCONSOLE_DEFAULT_NAME, __VA_ARGS__)
      |                       [01;36m[K^~~~~~~[m[K
[01m[K/home/wavb/Documents/fmSpin/W.a.v_B/RosPackages/ros_wav/src/wavnodes/src/GoalManager.cpp:26:5:[m[K [01;36m[Knote: [m[Kin expansion of macro ‘[01m[KROS_INFO[m[K’
   26 |     [01;36m[KROS_INFO[m[K("");
      |     [01;36m[K^~~~~~~~[m[K
[01m[K/home/wavb/Documents/fmSpin/W.a.v_B/RosPackages/ros_wav/src/wavnodes/src/BotConnectConveyListener.cpp:[m[K In static member function ‘[01m[Kstatic void* BotConnectConveyListener::loop(void*)[m[K’:
[01m[K/home/wavb/Documents/fmSpin/W.a.v_B/RosPackages/ros_wav/src/wavnodes/src/BotConnectConveyListener.cpp:69:5:[m[K [01;35m[Kwarning: [m[Kno return statement in function returning non-void [[01;35m[K-Wreturn-type[m[K]
   69 |     [01;35m[K}[m[K
      |     [01;35m[K^[m[K
[01m[K/home/wavb/Documents/fmSpin/W.a.v_B/RosPackages/ros_wav/src/wavnodes/AniEngineCPP/fmBoip/src/Framework/DOIPLayer/DOIPStateMachines/DiagStates/DiagMessageNAKDiagState.cc:[m[K In member function ‘[01m[Kstd::pair<int, std::vector<unsigned char> > fmBoip::DiagMessageNAKDiagState::FormatRequest(std::vector<unsigned char>)[m[K’:
[01m[K/home/wavb/Documents/fmSpin/W.a.v_B/RosPackages/ros_wav/src/wavnodes/AniEngineCPP/fmBoip/src/Framework/DOIPLayer/DOIPStateMachines/DiagStates/DiagMessageNAKDiagState.cc:69:116:[m[K [01;35m[Kwarning: [m[Kno return statement in function returning non-void [[01;35m[K-Wreturn-type[m[K]
   69 |         std::pair<int, std::vector<uint8_t>> DiagMessageNAKDiagState::FormatRequest(std::vector<uint8_t> userData){[01;35m[K}[m[K
      |                                                                                                                    [01;35m[K^[m[K
[01m[K/home/wavb/Documents/fmSpin/W.a.v_B/RosPackages/ros_wav/src/wavnodes/AniEngineCPP/fmBoip/src/Framework/DOIPLayer/DOIPStateMachines/DiagStates/DiagMessageNAKDiagState.cc:[m[K In member function ‘[01m[Kint fmBoip::DiagMessageNAKDiagState::SendData(std::vector<unsigned char>)[m[K’:
[01m[K/home/wavb/Documents/fmSpin/W.a.v_B/RosPackages/ros_wav/src/wavnodes/AniEngineCPP/fmBoip/src/Framework/DOIPLayer/DOIPStateMachines/DiagStates/DiagMessageNAKDiagState.cc:71:74:[m[K [01;35m[Kwarning: [m[Kno return statement in function returning non-void [[01;35m[K-Wreturn-type[m[K]
   71 |         int DiagMessageNAKDiagState::SendData(std::vector<uint8_t> data){[01;35m[K}[m[K
      |                                                                          [01;35m[K^[m[K
[01m[K/home/wavb/Documents/fmSpin/W.a.v_B/RosPackages/ros_wav/src/wavnodes/AniEngineCPP/fmBoip/src/Framework/DOIPLayer/DOIPStateMachines/DiagStates/DiagMessagePosACKDiagState.cc:[m[K In member function ‘[01m[Kstd::pair<int, std::vector<unsigned char> > fmBoip::DiagMessagePosACKDiagState::FormatRequest(std::vector<unsigned char>)[m[K’:
[01m[K/home/wavb/Documents/fmSpin/W.a.v_B/RosPackages/ros_wav/src/wavnodes/AniEngineCPP/fmBoip/src/Framework/DOIPLayer/DOIPStateMachines/DiagStates/DiagMessagePosACKDiagState.cc:77:119:[m[K [01;35m[Kwarning: [m[Kno return statement in function returning non-void [[01;35m[K-Wreturn-type[m[K]
   77 |         std::pair<int, std::vector<uint8_t>> DiagMessagePosACKDiagState::FormatRequest(std::vector<uint8_t> userData){[01;35m[K}[m[K
      |                                                                                                                       [01;35m[K^[m[K
[01m[K/home/wavb/Documents/fmSpin/W.a.v_B/RosPackages/ros_wav/src/wavnodes/AniEngineCPP/fmBoip/src/Framework/DOIPLayer/DOIPStateMachines/DiagStates/DiagMessagePosACKDiagState.cc:[m[K In member function ‘[01m[Kint fmBoip::DiagMessagePosACKDiagState::SendData(std::vector<unsigned char>)[m[K’:
[01m[K/home/wavb/Documents/fmSpin/W.a.v_B/RosPackages/ros_wav/src/wavnodes/AniEngineCPP/fmBoip/src/Framework/DOIPLayer/DOIPStateMachines/DiagStates/DiagMessagePosACKDiagState.cc:79:77:[m[K [01;35m[Kwarning: [m[Kno return statement in function returning non-void [[01;35m[K-Wreturn-type[m[K]
   79 |         int DiagMessagePosACKDiagState::SendData(std::vector<uint8_t> data){[01;35m[K}[m[K
      |                                                                             [01;35m[K^[m[K
[01m[K/home/wavb/Documents/fmSpin/W.a.v_B/RosPackages/ros_wav/src/wavnodes/AniEngineCPP/fmBoip/src/Framework/DOIPLayer/DOIPStateMachines/DiagStates/GenericHeaderNAKDiagState.cc:[m[K In member function ‘[01m[Kstd::pair<int, std::vector<unsigned char> > fmBoip::GenericHeaderNAKDiagState::FormatRequest(std::vector<unsigned char>)[m[K’:
[01m[K/home/wavb/Documents/fmSpin/W.a.v_B/RosPackages/ros_wav/src/wavnodes/AniEngineCPP/fmBoip/src/Framework/DOIPLayer/DOIPStateMachines/DiagStates/GenericHeaderNAKDiagState.cc:69:118:[m[K [01;35m[Kwarning: [m[Kno return statement in function returning non-void [[01;35m[K-Wreturn-type[m[K]
   69 |         std::pair<int, std::vector<uint8_t>> GenericHeaderNAKDiagState::FormatRequest(std::vector<uint8_t> userData){[01;35m[K}[m[K
      |                                                                                                                      [01;35m[K^[m[K
[01m[K/home/wavb/Documents/fmSpin/W.a.v_B/RosPackages/ros_wav/src/wavnodes/AniEngineCPP/fmBoip/src/Framework/DOIPLayer/DOIPStateMachines/DiagStates/GenericHeaderNAKDiagState.cc:[m[K In member function ‘[01m[Kint fmBoip::GenericHeaderNAKDiagState::SendData(std::vector<unsigned char>)[m[K’:
[01m[K/home/wavb/Documents/fmSpin/W.a.v_B/RosPackages/ros_wav/src/wavnodes/AniEngineCPP/fmBoip/src/Framework/DOIPLayer/DOIPStateMachines/DiagStates/GenericHeaderNAKDiagState.cc:71:76:[m[K [01;35m[Kwarning: [m[Kno return statement in function returning non-void [[01;35m[K-Wreturn-type[m[K]
   71 |         int GenericHeaderNAKDiagState::SendData(std::vector<uint8_t> data){[01;35m[K}[m[K
      |                                                                            [01;35m[K^[m[K
In file included from [01m[K/home/wavb/Documents/fmSpin/W.a.v_B/RosPackages/ros_wav/src/wavnodes/AniEngineCPP/json-nlohmann/test/thirdparty/doctest/doctest_compatibility.h:6[m[K,
                 from [01m[K/home/wavb/Documents/fmSpin/W.a.v_B/RosPackages/ros_wav/src/wavnodes/AniEngineCPP/json-nlohmann/test/src/unit-large_json.cpp:30[m[K:
[01m[K/home/wavb/Documents/fmSpin/W.a.v_B/RosPackages/ros_wav/src/wavnodes/AniEngineCPP/json-nlohmann/test/src/unit-large_json.cpp:[m[K In function ‘[01m[Kvoid _DOCTEST_ANON_FUNC_2()[m[K’:
[01m[K/home/wavb/Documents/fmSpin/W.a.v_B/RosPackages/ros_wav/src/wavnodes/AniEngineCPP/json-nlohmann/test/thirdparty/doctest/doctest.h:1745:24:[m[K [01;35m[Kwarning: [m[Kignoring return value of ‘[01m[Kstatic nlohmann::basic_json<ObjectType, ArrayType, StringType, BooleanType, NumberIntegerType, NumberUnsignedType, NumberFloatType, AllocatorType, JSONSerializer> nlohmann::basic_json<ObjectType, ArrayType, StringType, BooleanType, NumberIntegerType, NumberUnsignedType, NumberFloatType, AllocatorType, JSONSerializer>::parse(nlohmann::detail::input_adapter&&, nlohmann::basic_json<ObjectType, ArrayType, StringType, BooleanType, NumberIntegerType, NumberUnsignedType, NumberFloatType, AllocatorType, JSONSerializer>::parser_callback_t, bool) [with ObjectType = std::map; ArrayType = std::vector; StringType = std::__cxx11::basic_string<char>; BooleanType = bool; NumberIntegerType = long int; NumberUnsignedType = long unsigned int; NumberFloatType = double; AllocatorType = std::allocator; JSONSerializer = nlohmann::adl_serializer; nlohmann::basic_json<ObjectType, ArrayType, StringType, BooleanType, NumberIntegerType, NumberUnsignedType, NumberFloatType, AllocatorType, JSONSerializer>::parser_callback_t = std::function<bool(int, nlohmann::detail::parser<nlohmann::basic_json<> >::parse_event_t, nlohmann::basic_json<>&)>][m[K’, declared with attribute warn_unused_result [[01;35m[K-Wunused-result[m[K]
 1745 |     static_cast<void>(x[01;35m[K)[m[K;                                                                          \
      |                        [01;35m[K^[m[K
[01m[K/home/wavb/Documents/fmSpin/W.a.v_B/RosPackages/ros_wav/src/wavnodes/AniEngineCPP/json-nlohmann/test/thirdparty/doctest/doctest.h:2053:13:[m[K [01;36m[Knote: [m[Kin expansion of macro ‘[01m[KDOCTEST_CAST_TO_VOID[m[K’
 2053 |             [01;36m[KDOCTEST_CAST_TO_VOID[m[K(expr)                                                             \
      |             [01;36m[K^~~~~~~~~~~~~~~~~~~~[m[K
[01m[K/home/wavb/Documents/fmSpin/W.a.v_B/RosPackages/ros_wav/src/wavnodes/AniEngineCPP/json-nlohmann/test/thirdparty/doctest/doctest.h:2076:37:[m[K [01;36m[Knote: [m[Kin expansion of macro ‘[01m[KDOCTEST_ASSERT_NOTHROW[m[K’
 2076 | #define DOCTEST_CHECK_NOTHROW(expr) [01;36m[KDOCTEST_ASSERT_NOTHROW[m[K(expr, DT_CHECK_NOTHROW)
      |                                     [01;36m[K^~~~~~~~~~~~~~~~~~~~~~[m[K
[01m[K/home/wavb/Documents/fmSpin/W.a.v_B/RosPackages/ros_wav/src/wavnodes/AniEngineCPP/json-nlohmann/test/thirdparty/doctest/doctest.h:2480:23:[m[K [01;36m[Knote: [m[Kin expansion of macro ‘[01m[KDOCTEST_CHECK_NOTHROW[m[K’
 2480 | #define CHECK_NOTHROW [01;36m[KDOCTEST_CHECK_NOTHROW[m[K
      |                       [01;36m[K^~~~~~~~~~~~~~~~~~~~~[m[K
[01m[K/home/wavb/Documents/fmSpin/W.a.v_B/RosPackages/ros_wav/src/wavnodes/AniEngineCPP/json-nlohmann/test/src/unit-large_json.cpp:46:9:[m[K [01;36m[Knote: [m[Kin expansion of macro ‘[01m[KCHECK_NOTHROW[m[K’
   46 |         [01;36m[KCHECK_NOTHROW[m[K(nlohmann::json::parse(s));
      |         [01;36m[K^~~~~~~~~~~~~[m[K
In file included from [01m[K/home/wavb/Documents/fmSpin/W.a.v_B/RosPackages/ros_wav/src/wavnodes/AniEngineCPP/json-nlohmann/test/src/unit-large_json.cpp:32[m[K:
[01m[K/home/wavb/Documents/fmSpin/W.a.v_B/RosPackages/ros_wav/src/wavnodes/./AniEngineCPP/json-nlohmann/include/nlohmann/json.hpp:6204:23:[m[K [01;36m[Knote: [m[Kdeclared here
 6204 |     static basic_json [01;36m[Kparse[m[K(detail::input_adapter&& i,
      |                       [01;36m[K^~~~~[m[K
