[35m[1mScanning dependencies of target _hector_worldmodel_msgs_generate_messages_check_deps_PerceptInfo[0m
[  0%] Built target _hector_worldmodel_msgs_generate_messages_check_deps_PerceptInfo
[35m[1mScanning dependencies of target _hector_worldmodel_msgs_generate_messages_check_deps_SetObjectState[0m
[  0%] Built target _hector_worldmodel_msgs_generate_messages_check_deps_SetObjectState
[35m[1mScanning dependencies of target _hector_worldmodel_msgs_generate_messages_check_deps_SetObjectName[0m
[  0%] Built target _hector_worldmodel_msgs_generate_messages_check_deps_SetObjectName
[35m[1mScanning dependencies of target _hector_worldmodel_msgs_generate_messages_check_deps_Object[0m
[  0%] Built target _hector_worldmodel_msgs_generate_messages_check_deps_Object
[35m[1mScanning dependencies of target sensor_msgs_generate_messages_cpp[0m
[  0%] Built target sensor_msgs_generate_messages_cpp
[35m[1mScanning dependencies of target _hector_worldmodel_msgs_generate_messages_check_deps_GetObjectModel[0m
[  0%] Built target _hector_worldmodel_msgs_generate_messages_check_deps_GetObjectModel
[35m[1mScanning dependencies of target _hector_worldmodel_msgs_generate_messages_check_deps_PosePercept[0m
[  0%] Built target _hector_worldmodel_msgs_generate_messages_check_deps_PosePercept
[35m[1mScanning dependencies of target geometry_msgs_generate_messages_cpp[0m
[  0%] Built target geometry_msgs_generate_messages_cpp
[35m[1mScanning dependencies of target _hector_worldmodel_msgs_generate_messages_check_deps_VerifyObject[0m
[  0%] Built target _hector_worldmodel_msgs_generate_messages_check_deps_VerifyObject
[35m[1mScanning dependencies of target _hector_worldmodel_msgs_generate_messages_check_deps_VerifyPercept[0m
[  0%] Built target _hector_worldmodel_msgs_generate_messages_check_deps_VerifyPercept
[35m[1mScanning dependencies of target _hector_worldmodel_msgs_generate_messages_check_deps_AddObject[0m
[  0%] Built target _hector_worldmodel_msgs_generate_messages_check_deps_AddObject
[35m[1mScanning dependencies of target _hector_worldmodel_msgs_generate_messages_check_deps_ObjectInfo[0m
[  0%] Built target _hector_worldmodel_msgs_generate_messages_check_deps_ObjectInfo
[35m[1mScanning dependencies of target _hector_worldmodel_msgs_generate_messages_check_deps_ImagePercept[0m
[  0%] Built target _hector_worldmodel_msgs_generate_messages_check_deps_ImagePercept
[35m[1mScanning dependencies of target _hector_worldmodel_msgs_generate_messages_check_deps_ObjectModel[0m
[  0%] Built target _hector_worldmodel_msgs_generate_messages_check_deps_ObjectModel
[35m[1mScanning dependencies of target _hector_worldmodel_msgs_generate_messages_check_deps_ObjectState[0m
[  0%] Built target _hector_worldmodel_msgs_generate_messages_check_deps_ObjectState
[35m[1mScanning dependencies of target sensor_msgs_generate_messages_py[0m
[  0%] Built target sensor_msgs_generate_messages_py
[35m[1mScanning dependencies of target geometry_msgs_generate_messages_py[0m
[  0%] Built target geometry_msgs_generate_messages_py
[35m[1mScanning dependencies of target sensor_msgs_generate_messages_lisp[0m
[  0%] Built target sensor_msgs_generate_messages_lisp
[35m[1mScanning dependencies of target geometry_msgs_generate_messages_lisp[0m
[  0%] Built target geometry_msgs_generate_messages_lisp
[35m[1mScanning dependencies of target sensor_msgs_generate_messages_eus[0m
[  0%] Built target sensor_msgs_generate_messages_eus
[35m[1mScanning dependencies of target geometry_msgs_generate_messages_eus[0m
[  0%] Built target geometry_msgs_generate_messages_eus
[35m[1mScanning dependencies of target geometry_msgs_generate_messages_nodejs[0m
[  0%] Built target geometry_msgs_generate_messages_nodejs
[35m[1mScanning dependencies of target sensor_msgs_generate_messages_nodejs[0m
[  0%] Built target sensor_msgs_generate_messages_nodejs
[35m[1mScanning dependencies of target hector_worldmodel_msgs_generate_messages_cpp[0m
[  1%] [34m[1mGenerating C++ code from hector_worldmodel_msgs/ImagePercept.msg[0m
[  2%] [34m[1mGenerating C++ code from hector_worldmodel_msgs/ObjectInfo.msg[0m
[  4%] [34m[1mGenerating C++ code from hector_worldmodel_msgs/ObjectModel.msg[0m
[  5%] [34m[1mGenerating C++ code from hector_worldmodel_msgs/Object.msg[0m
[  7%] [34m[1mGenerating C++ code from hector_worldmodel_msgs/ObjectState.msg[0m
[  8%] [34m[1mGenerating C++ code from hector_worldmodel_msgs/PerceptInfo.msg[0m
[ 10%] [34m[1mGenerating C++ code from hector_worldmodel_msgs/PosePercept.msg[0m
[ 11%] [34m[1mGenerating C++ code from hector_worldmodel_msgs/AddObject.srv[0m
[ 13%] [34m[1mGenerating C++ code from hector_worldmodel_msgs/GetObjectModel.srv[0m
[ 14%] [34m[1mGenerating C++ code from hector_worldmodel_msgs/SetObjectName.srv[0m
[ 16%] [34m[1mGenerating C++ code from hector_worldmodel_msgs/SetObjectState.srv[0m
[ 17%] [34m[1mGenerating C++ code from hector_worldmodel_msgs/VerifyObject.srv[0m
[ 19%] [34m[1mGenerating C++ code from hector_worldmodel_msgs/VerifyPercept.srv[0m
[ 19%] Built target hector_worldmodel_msgs_generate_messages_cpp
[35m[1mScanning dependencies of target hector_worldmodel_msgs_generate_messages_py[0m
[ 20%] [34m[1mGenerating Python from MSG hector_worldmodel_msgs/ImagePercept[0m
[ 22%] [34m[1mGenerating Python from MSG hector_worldmodel_msgs/ObjectInfo[0m
[ 23%] [34m[1mGenerating Python from MSG hector_worldmodel_msgs/ObjectModel[0m
[ 25%] [34m[1mGenerating Python from MSG hector_worldmodel_msgs/Object[0m
[ 26%] [34m[1mGenerating Python from MSG hector_worldmodel_msgs/ObjectState[0m
[ 27%] [34m[1mGenerating Python from MSG hector_worldmodel_msgs/PerceptInfo[0m
[ 29%] [34m[1mGenerating Python from MSG hector_worldmodel_msgs/PosePercept[0m
[ 30%] [34m[1mGenerating Python code from SRV hector_worldmodel_msgs/AddObject[0m
[ 32%] [34m[1mGenerating Python code from SRV hector_worldmodel_msgs/GetObjectModel[0m
[ 33%] [34m[1mGenerating Python code from SRV hector_worldmodel_msgs/SetObjectName[0m
[ 35%] [34m[1mGenerating Python code from SRV hector_worldmodel_msgs/SetObjectState[0m
[ 36%] [34m[1mGenerating Python code from SRV hector_worldmodel_msgs/VerifyObject[0m
[ 38%] [34m[1mGenerating Python code from SRV hector_worldmodel_msgs/VerifyPercept[0m
[ 39%] [34m[1mGenerating Python msg __init__.py for hector_worldmodel_msgs[0m
[ 41%] [34m[1mGenerating Python srv __init__.py for hector_worldmodel_msgs[0m
[ 41%] Built target hector_worldmodel_msgs_generate_messages_py
[35m[1mScanning dependencies of target hector_worldmodel_msgs_generate_messages_lisp[0m
[ 42%] [34m[1mGenerating Lisp code from hector_worldmodel_msgs/ImagePercept.msg[0m
[ 44%] [34m[1mGenerating Lisp code from hector_worldmodel_msgs/ObjectInfo.msg[0m
[ 45%] [34m[1mGenerating Lisp code from hector_worldmodel_msgs/ObjectModel.msg[0m
[ 47%] [34m[1mGenerating Lisp code from hector_worldmodel_msgs/Object.msg[0m
[ 48%] [34m[1mGenerating Lisp code from hector_worldmodel_msgs/ObjectState.msg[0m
[35m[1mScanning dependencies of target hector_worldmodel_msgs_generate_messages_eus[0m
[ 50%] [34m[1mGenerating EusLisp code from hector_worldmodel_msgs/ImagePercept.msg[0m
[ 51%] [34m[1mGenerating Lisp code from hector_worldmodel_msgs/PerceptInfo.msg[0m
[ 52%] [34m[1mGenerating EusLisp code from hector_worldmodel_msgs/ObjectInfo.msg[0m
[ 54%] [34m[1mGenerating Lisp code from hector_worldmodel_msgs/PosePercept.msg[0m
[ 55%] [34m[1mGenerating EusLisp code from hector_worldmodel_msgs/ObjectModel.msg[0m
[ 57%] [34m[1mGenerating Lisp code from hector_worldmodel_msgs/AddObject.srv[0m
[ 58%] [34m[1mGenerating EusLisp code from hector_worldmodel_msgs/Object.msg[0m
[ 60%] [34m[1mGenerating Lisp code from hector_worldmodel_msgs/GetObjectModel.srv[0m
[ 61%] [34m[1mGenerating EusLisp code from hector_worldmodel_msgs/ObjectState.msg[0m
[ 63%] [34m[1mGenerating Lisp code from hector_worldmodel_msgs/SetObjectName.srv[0m
[ 64%] [34m[1mGenerating Lisp code from hector_worldmodel_msgs/SetObjectState.srv[0m
[ 66%] [34m[1mGenerating EusLisp code from hector_worldmodel_msgs/PerceptInfo.msg[0m
[ 67%] [34m[1mGenerating Lisp code from hector_worldmodel_msgs/VerifyObject.srv[0m
[ 69%] [34m[1mGenerating Lisp code from hector_worldmodel_msgs/VerifyPercept.srv[0m
[ 70%] [34m[1mGenerating EusLisp code from hector_worldmodel_msgs/PosePercept.msg[0m
[ 70%] Built target hector_worldmodel_msgs_generate_messages_lisp
[ 72%] [34m[1mGenerating EusLisp code from hector_worldmodel_msgs/AddObject.srv[0m
[ 73%] [34m[1mGenerating EusLisp code from hector_worldmodel_msgs/GetObjectModel.srv[0m
[ 75%] [34m[1mGenerating EusLisp code from hector_worldmodel_msgs/SetObjectName.srv[0m
[ 76%] [34m[1mGenerating EusLisp code from hector_worldmodel_msgs/SetObjectState.srv[0m
[ 77%] [34m[1mGenerating EusLisp code from hector_worldmodel_msgs/VerifyObject.srv[0m
[35m[1mScanning dependencies of target hector_worldmodel_msgs_generate_messages_nodejs[0m
[ 79%] [34m[1mGenerating Javascript code from hector_worldmodel_msgs/ImagePercept.msg[0m
[ 80%] [34m[1mGenerating EusLisp code from hector_worldmodel_msgs/VerifyPercept.srv[0m
[ 82%] [34m[1mGenerating Javascript code from hector_worldmodel_msgs/ObjectInfo.msg[0m
[ 83%] [34m[1mGenerating EusLisp manifest code for hector_worldmodel_msgs[0m
[ 85%] [34m[1mGenerating Javascript code from hector_worldmodel_msgs/ObjectModel.msg[0m
[ 86%] [34m[1mGenerating Javascript code from hector_worldmodel_msgs/Object.msg[0m
[ 88%] [34m[1mGenerating Javascript code from hector_worldmodel_msgs/ObjectState.msg[0m
[ 89%] [34m[1mGenerating Javascript code from hector_worldmodel_msgs/PerceptInfo.msg[0m
[ 91%] [34m[1mGenerating Javascript code from hector_worldmodel_msgs/PosePercept.msg[0m
[ 92%] [34m[1mGenerating Javascript code from hector_worldmodel_msgs/AddObject.srv[0m
[ 92%] Built target hector_worldmodel_msgs_generate_messages_eus
[ 94%] [34m[1mGenerating Javascript code from hector_worldmodel_msgs/GetObjectModel.srv[0m
[ 95%] [34m[1mGenerating Javascript code from hector_worldmodel_msgs/SetObjectName.srv[0m
[ 97%] [34m[1mGenerating Javascript code from hector_worldmodel_msgs/SetObjectState.srv[0m
[ 98%] [34m[1mGenerating Javascript code from hector_worldmodel_msgs/VerifyObject.srv[0m
[100%] [34m[1mGenerating Javascript code from hector_worldmodel_msgs/VerifyPercept.srv[0m
[100%] Built target hector_worldmodel_msgs_generate_messages_nodejs
[35m[1mScanning dependencies of target hector_worldmodel_msgs_generate_messages[0m
[100%] Built target hector_worldmodel_msgs_generate_messages
