Symlinking /home/wavb/Documents/fmSpin/W.a.v_B/RosPackages/ros_wav/devel/share/laser_ortho_projector/cmake/laser_ortho_projectorConfig.cmake
Symlinking /home/wavb/Documents/fmSpin/W.a.v_B/RosPackages/ros_wav/devel/share/laser_ortho_projector/cmake/laser_ortho_projectorConfig-version.cmake
Symlinking /home/wavb/Documents/fmSpin/W.a.v_B/RosPackages/ros_wav/devel/lib/liblaser_ortho_projector.so
Symlinking /home/wavb/Documents/fmSpin/W.a.v_B/RosPackages/ros_wav/devel/lib/liblaser_ortho_projector_nodelet.so
Symlinking /home/wavb/Documents/fmSpin/W.a.v_B/RosPackages/ros_wav/devel/lib/pkgconfig/laser_ortho_projector.pc
Symlinking /home/wavb/Documents/fmSpin/W.a.v_B/RosPackages/ros_wav/devel/lib/laser_ortho_projector/laser_ortho_projector_node
Cleaning: (/home/wavb/Documents/fmSpin/Wav_B/RosPackages/ros_wav/devel/.private/laser_ortho_projector/cmake.lock, /home/wavb/Documents/fmSpin/Wav_B/RosPackages/ros_wav/devel/./cmake.lock)
Cleaning: (/home/wavb/Documents/fmSpin/Wav_B/RosPackages/ros_wav/devel/.private/laser_ortho_projector/share/laser_ortho_projector/cmake/laser_ortho_projectorConfig.cmake, /home/wavb/Documents/fmSpin/Wav_B/RosPackages/ros_wav/devel/share/laser_ortho_projector/cmake/laser_ortho_projectorConfig.cmake)
Cleaning: (/home/wavb/Documents/fmSpin/Wav_B/RosPackages/ros_wav/devel/.private/laser_ortho_projector/share/laser_ortho_projector/cmake/laser_ortho_projectorConfig-version.cmake, /home/wavb/Documents/fmSpin/Wav_B/RosPackages/ros_wav/devel/share/laser_ortho_projector/cmake/laser_ortho_projectorConfig-version.cmake)
Cleaning: (/home/wavb/Documents/fmSpin/Wav_B/RosPackages/ros_wav/devel/.private/laser_ortho_projector/lib/liblaser_ortho_projector.so, /home/wavb/Documents/fmSpin/Wav_B/RosPackages/ros_wav/devel/lib/liblaser_ortho_projector.so)
Cleaning: (/home/wavb/Documents/fmSpin/Wav_B/RosPackages/ros_wav/devel/.private/laser_ortho_projector/lib/liblaser_ortho_projector_nodelet.so, /home/wavb/Documents/fmSpin/Wav_B/RosPackages/ros_wav/devel/lib/liblaser_ortho_projector_nodelet.so)
Cleaning: (/home/wavb/Documents/fmSpin/Wav_B/RosPackages/ros_wav/devel/.private/laser_ortho_projector/lib/pkgconfig/laser_ortho_projector.pc, /home/wavb/Documents/fmSpin/Wav_B/RosPackages/ros_wav/devel/lib/pkgconfig/laser_ortho_projector.pc)
Cleaning: (/home/wavb/Documents/fmSpin/Wav_B/RosPackages/ros_wav/devel/.private/laser_ortho_projector/lib/laser_ortho_projector/laser_ortho_projector_node, /home/wavb/Documents/fmSpin/Wav_B/RosPackages/ros_wav/devel/lib/laser_ortho_projector/laser_ortho_projector_node)
Unlinking: /home/wavb/Documents/fmSpin/Wav_B/RosPackages/ros_wav/devel/share/laser_ortho_projector/cmake/laser_ortho_projectorConfig.cmake
Already unlinked: {}
Unlinking: /home/wavb/Documents/fmSpin/Wav_B/RosPackages/ros_wav/devel/share/laser_ortho_projector/cmake/laser_ortho_projectorConfig-version.cmake
Already unlinked: {}
Unlinking: /home/wavb/Documents/fmSpin/Wav_B/RosPackages/ros_wav/devel/lib/liblaser_ortho_projector.so
Already unlinked: {}
Unlinking: /home/wavb/Documents/fmSpin/Wav_B/RosPackages/ros_wav/devel/lib/liblaser_ortho_projector_nodelet.so
Already unlinked: {}
Unlinking: /home/wavb/Documents/fmSpin/Wav_B/RosPackages/ros_wav/devel/lib/pkgconfig/laser_ortho_projector.pc
Already unlinked: {}
Unlinking: /home/wavb/Documents/fmSpin/Wav_B/RosPackages/ros_wav/devel/lib/laser_ortho_projector/laser_ortho_projector_node
Already unlinked: {}
