Symlinking /home/wavb/Documents/fmSpin/W.a.v_B/RosPackages/ros_wav/devel/share/gennodejs/ros/hector_mapping/_index.js
Symlinking /home/wavb/Documents/fmSpin/W.a.v_B/RosPackages/ros_wav/devel/share/gennodejs/ros/hector_mapping/msg/_index.js
Symlinking /home/wavb/Documents/fmSpin/W.a.v_B/RosPackages/ros_wav/devel/share/gennodejs/ros/hector_mapping/msg/HectorIterData.js
Symlinking /home/wavb/Documents/fmSpin/W.a.v_B/RosPackages/ros_wav/devel/share/gennodejs/ros/hector_mapping/msg/HectorDebugInfo.js
Symlinking /home/wavb/Documents/fmSpin/W.a.v_B/RosPackages/ros_wav/devel/share/gennodejs/ros/hector_mapping/srv/_index.js
Symlinking /home/wavb/Documents/fmSpin/W.a.v_B/RosPackages/ros_wav/devel/share/gennodejs/ros/hector_mapping/srv/ResetMapping.js
Symlinking /home/wavb/Documents/fmSpin/W.a.v_B/RosPackages/ros_wav/devel/share/common-lisp/ros/hector_mapping/msg/_package_HectorIterData.lisp
Symlinking /home/wavb/Documents/fmSpin/W.a.v_B/RosPackages/ros_wav/devel/share/common-lisp/ros/hector_mapping/msg/hector_mapping-msg.asd
Symlinking /home/wavb/Documents/fmSpin/W.a.v_B/RosPackages/ros_wav/devel/share/common-lisp/ros/hector_mapping/msg/HectorDebugInfo.lisp
Symlinking /home/wavb/Documents/fmSpin/W.a.v_B/RosPackages/ros_wav/devel/share/common-lisp/ros/hector_mapping/msg/_package_HectorDebugInfo.lisp
Symlinking /home/wavb/Documents/fmSpin/W.a.v_B/RosPackages/ros_wav/devel/share/common-lisp/ros/hector_mapping/msg/HectorIterData.lisp
Symlinking /home/wavb/Documents/fmSpin/W.a.v_B/RosPackages/ros_wav/devel/share/common-lisp/ros/hector_mapping/msg/_package.lisp
Symlinking /home/wavb/Documents/fmSpin/W.a.v_B/RosPackages/ros_wav/devel/share/common-lisp/ros/hector_mapping/srv/_package_ResetMapping.lisp
Symlinking /home/wavb/Documents/fmSpin/W.a.v_B/RosPackages/ros_wav/devel/share/common-lisp/ros/hector_mapping/srv/ResetMapping.lisp
Symlinking /home/wavb/Documents/fmSpin/W.a.v_B/RosPackages/ros_wav/devel/share/common-lisp/ros/hector_mapping/srv/hector_mapping-srv.asd
Symlinking /home/wavb/Documents/fmSpin/W.a.v_B/RosPackages/ros_wav/devel/share/common-lisp/ros/hector_mapping/srv/_package.lisp
Symlinking /home/wavb/Documents/fmSpin/W.a.v_B/RosPackages/ros_wav/devel/share/roseus/ros/hector_mapping/manifest.l
Symlinking /home/wavb/Documents/fmSpin/W.a.v_B/RosPackages/ros_wav/devel/share/roseus/ros/hector_mapping/msg/HectorIterData.l
Symlinking /home/wavb/Documents/fmSpin/W.a.v_B/RosPackages/ros_wav/devel/share/roseus/ros/hector_mapping/msg/HectorDebugInfo.l
Symlinking /home/wavb/Documents/fmSpin/W.a.v_B/RosPackages/ros_wav/devel/share/roseus/ros/hector_mapping/srv/ResetMapping.l
Symlinking /home/wavb/Documents/fmSpin/W.a.v_B/RosPackages/ros_wav/devel/share/hector_mapping/cmake/hector_mappingConfig.cmake
Symlinking /home/wavb/Documents/fmSpin/W.a.v_B/RosPackages/ros_wav/devel/share/hector_mapping/cmake/hector_mapping-msg-extras.cmake
Symlinking /home/wavb/Documents/fmSpin/W.a.v_B/RosPackages/ros_wav/devel/share/hector_mapping/cmake/hector_mapping-msg-paths.cmake
Symlinking /home/wavb/Documents/fmSpin/W.a.v_B/RosPackages/ros_wav/devel/share/hector_mapping/cmake/hector_mappingConfig-version.cmake
Symlinking /home/wavb/Documents/fmSpin/W.a.v_B/RosPackages/ros_wav/devel/include/hector_mapping/HectorIterData.h
Symlinking /home/wavb/Documents/fmSpin/W.a.v_B/RosPackages/ros_wav/devel/include/hector_mapping/ResetMapping.h
Symlinking /home/wavb/Documents/fmSpin/W.a.v_B/RosPackages/ros_wav/devel/include/hector_mapping/ResetMappingResponse.h
Symlinking /home/wavb/Documents/fmSpin/W.a.v_B/RosPackages/ros_wav/devel/include/hector_mapping/HectorDebugInfo.h
Symlinking /home/wavb/Documents/fmSpin/W.a.v_B/RosPackages/ros_wav/devel/include/hector_mapping/ResetMappingRequest.h
Symlinking /home/wavb/Documents/fmSpin/W.a.v_B/RosPackages/ros_wav/devel/lib/pkgconfig/hector_mapping.pc
Symlinking /home/wavb/Documents/fmSpin/W.a.v_B/RosPackages/ros_wav/devel/lib/python3/dist-packages/hector_mapping/__init__.py
Symlinking /home/wavb/Documents/fmSpin/W.a.v_B/RosPackages/ros_wav/devel/lib/python3/dist-packages/hector_mapping/msg/__init__.py
Symlinking /home/wavb/Documents/fmSpin/W.a.v_B/RosPackages/ros_wav/devel/lib/python3/dist-packages/hector_mapping/msg/_HectorIterData.py
Symlinking /home/wavb/Documents/fmSpin/W.a.v_B/RosPackages/ros_wav/devel/lib/python3/dist-packages/hector_mapping/msg/_HectorDebugInfo.py
Symlinking /home/wavb/Documents/fmSpin/W.a.v_B/RosPackages/ros_wav/devel/lib/python3/dist-packages/hector_mapping/srv/_ResetMapping.py
Symlinking /home/wavb/Documents/fmSpin/W.a.v_B/RosPackages/ros_wav/devel/lib/python3/dist-packages/hector_mapping/srv/__init__.py
Symlinking /home/wavb/Documents/fmSpin/W.a.v_B/RosPackages/ros_wav/devel/lib/hector_mapping/hector_mapping
Cleaning: (/home/wavb/Documents/fmSpin/Wav_B/RosPackages/ros_wav/devel/.private/hector_mapping/cmake.lock, /home/wavb/Documents/fmSpin/Wav_B/RosPackages/ros_wav/devel/./cmake.lock)
Cleaning: (/home/wavb/Documents/fmSpin/Wav_B/RosPackages/ros_wav/devel/.private/hector_mapping/share/gennodejs/ros/hector_mapping/_index.js, /home/wavb/Documents/fmSpin/Wav_B/RosPackages/ros_wav/devel/share/gennodejs/ros/hector_mapping/_index.js)
Cleaning: (/home/wavb/Documents/fmSpin/Wav_B/RosPackages/ros_wav/devel/.private/hector_mapping/share/gennodejs/ros/hector_mapping/msg/_index.js, /home/wavb/Documents/fmSpin/Wav_B/RosPackages/ros_wav/devel/share/gennodejs/ros/hector_mapping/msg/_index.js)
Cleaning: (/home/wavb/Documents/fmSpin/Wav_B/RosPackages/ros_wav/devel/.private/hector_mapping/share/gennodejs/ros/hector_mapping/msg/HectorIterData.js, /home/wavb/Documents/fmSpin/Wav_B/RosPackages/ros_wav/devel/share/gennodejs/ros/hector_mapping/msg/HectorIterData.js)
Cleaning: (/home/wavb/Documents/fmSpin/Wav_B/RosPackages/ros_wav/devel/.private/hector_mapping/share/gennodejs/ros/hector_mapping/msg/HectorDebugInfo.js, /home/wavb/Documents/fmSpin/Wav_B/RosPackages/ros_wav/devel/share/gennodejs/ros/hector_mapping/msg/HectorDebugInfo.js)
Cleaning: (/home/wavb/Documents/fmSpin/Wav_B/RosPackages/ros_wav/devel/.private/hector_mapping/share/gennodejs/ros/hector_mapping/srv/_index.js, /home/wavb/Documents/fmSpin/Wav_B/RosPackages/ros_wav/devel/share/gennodejs/ros/hector_mapping/srv/_index.js)
Cleaning: (/home/wavb/Documents/fmSpin/Wav_B/RosPackages/ros_wav/devel/.private/hector_mapping/share/gennodejs/ros/hector_mapping/srv/ResetMapping.js, /home/wavb/Documents/fmSpin/Wav_B/RosPackages/ros_wav/devel/share/gennodejs/ros/hector_mapping/srv/ResetMapping.js)
Cleaning: (/home/wavb/Documents/fmSpin/Wav_B/RosPackages/ros_wav/devel/.private/hector_mapping/share/common-lisp/ros/hector_mapping/msg/_package_HectorIterData.lisp, /home/wavb/Documents/fmSpin/Wav_B/RosPackages/ros_wav/devel/share/common-lisp/ros/hector_mapping/msg/_package_HectorIterData.lisp)
Cleaning: (/home/wavb/Documents/fmSpin/Wav_B/RosPackages/ros_wav/devel/.private/hector_mapping/share/common-lisp/ros/hector_mapping/msg/hector_mapping-msg.asd, /home/wavb/Documents/fmSpin/Wav_B/RosPackages/ros_wav/devel/share/common-lisp/ros/hector_mapping/msg/hector_mapping-msg.asd)
Cleaning: (/home/wavb/Documents/fmSpin/Wav_B/RosPackages/ros_wav/devel/.private/hector_mapping/share/common-lisp/ros/hector_mapping/msg/HectorDebugInfo.lisp, /home/wavb/Documents/fmSpin/Wav_B/RosPackages/ros_wav/devel/share/common-lisp/ros/hector_mapping/msg/HectorDebugInfo.lisp)
Cleaning: (/home/wavb/Documents/fmSpin/Wav_B/RosPackages/ros_wav/devel/.private/hector_mapping/share/common-lisp/ros/hector_mapping/msg/_package_HectorDebugInfo.lisp, /home/wavb/Documents/fmSpin/Wav_B/RosPackages/ros_wav/devel/share/common-lisp/ros/hector_mapping/msg/_package_HectorDebugInfo.lisp)
Cleaning: (/home/wavb/Documents/fmSpin/Wav_B/RosPackages/ros_wav/devel/.private/hector_mapping/share/common-lisp/ros/hector_mapping/msg/HectorIterData.lisp, /home/wavb/Documents/fmSpin/Wav_B/RosPackages/ros_wav/devel/share/common-lisp/ros/hector_mapping/msg/HectorIterData.lisp)
Cleaning: (/home/wavb/Documents/fmSpin/Wav_B/RosPackages/ros_wav/devel/.private/hector_mapping/share/common-lisp/ros/hector_mapping/msg/_package.lisp, /home/wavb/Documents/fmSpin/Wav_B/RosPackages/ros_wav/devel/share/common-lisp/ros/hector_mapping/msg/_package.lisp)
Cleaning: (/home/wavb/Documents/fmSpin/Wav_B/RosPackages/ros_wav/devel/.private/hector_mapping/share/common-lisp/ros/hector_mapping/srv/_package_ResetMapping.lisp, /home/wavb/Documents/fmSpin/Wav_B/RosPackages/ros_wav/devel/share/common-lisp/ros/hector_mapping/srv/_package_ResetMapping.lisp)
Cleaning: (/home/wavb/Documents/fmSpin/Wav_B/RosPackages/ros_wav/devel/.private/hector_mapping/share/common-lisp/ros/hector_mapping/srv/ResetMapping.lisp, /home/wavb/Documents/fmSpin/Wav_B/RosPackages/ros_wav/devel/share/common-lisp/ros/hector_mapping/srv/ResetMapping.lisp)
Cleaning: (/home/wavb/Documents/fmSpin/Wav_B/RosPackages/ros_wav/devel/.private/hector_mapping/share/common-lisp/ros/hector_mapping/srv/hector_mapping-srv.asd, /home/wavb/Documents/fmSpin/Wav_B/RosPackages/ros_wav/devel/share/common-lisp/ros/hector_mapping/srv/hector_mapping-srv.asd)
Cleaning: (/home/wavb/Documents/fmSpin/Wav_B/RosPackages/ros_wav/devel/.private/hector_mapping/share/common-lisp/ros/hector_mapping/srv/_package.lisp, /home/wavb/Documents/fmSpin/Wav_B/RosPackages/ros_wav/devel/share/common-lisp/ros/hector_mapping/srv/_package.lisp)
Cleaning: (/home/wavb/Documents/fmSpin/Wav_B/RosPackages/ros_wav/devel/.private/hector_mapping/share/roseus/ros/hector_mapping/manifest.l, /home/wavb/Documents/fmSpin/Wav_B/RosPackages/ros_wav/devel/share/roseus/ros/hector_mapping/manifest.l)
Cleaning: (/home/wavb/Documents/fmSpin/Wav_B/RosPackages/ros_wav/devel/.private/hector_mapping/share/roseus/ros/hector_mapping/msg/HectorIterData.l, /home/wavb/Documents/fmSpin/Wav_B/RosPackages/ros_wav/devel/share/roseus/ros/hector_mapping/msg/HectorIterData.l)
Cleaning: (/home/wavb/Documents/fmSpin/Wav_B/RosPackages/ros_wav/devel/.private/hector_mapping/share/roseus/ros/hector_mapping/msg/HectorDebugInfo.l, /home/wavb/Documents/fmSpin/Wav_B/RosPackages/ros_wav/devel/share/roseus/ros/hector_mapping/msg/HectorDebugInfo.l)
Cleaning: (/home/wavb/Documents/fmSpin/Wav_B/RosPackages/ros_wav/devel/.private/hector_mapping/share/roseus/ros/hector_mapping/srv/ResetMapping.l, /home/wavb/Documents/fmSpin/Wav_B/RosPackages/ros_wav/devel/share/roseus/ros/hector_mapping/srv/ResetMapping.l)
Cleaning: (/home/wavb/Documents/fmSpin/Wav_B/RosPackages/ros_wav/devel/.private/hector_mapping/share/hector_mapping/cmake/hector_mappingConfig.cmake, /home/wavb/Documents/fmSpin/Wav_B/RosPackages/ros_wav/devel/share/hector_mapping/cmake/hector_mappingConfig.cmake)
Cleaning: (/home/wavb/Documents/fmSpin/Wav_B/RosPackages/ros_wav/devel/.private/hector_mapping/share/hector_mapping/cmake/hector_mapping-msg-extras.cmake, /home/wavb/Documents/fmSpin/Wav_B/RosPackages/ros_wav/devel/share/hector_mapping/cmake/hector_mapping-msg-extras.cmake)
Cleaning: (/home/wavb/Documents/fmSpin/Wav_B/RosPackages/ros_wav/devel/.private/hector_mapping/share/hector_mapping/cmake/hector_mapping-msg-paths.cmake, /home/wavb/Documents/fmSpin/Wav_B/RosPackages/ros_wav/devel/share/hector_mapping/cmake/hector_mapping-msg-paths.cmake)
Cleaning: (/home/wavb/Documents/fmSpin/Wav_B/RosPackages/ros_wav/devel/.private/hector_mapping/share/hector_mapping/cmake/hector_mappingConfig-version.cmake, /home/wavb/Documents/fmSpin/Wav_B/RosPackages/ros_wav/devel/share/hector_mapping/cmake/hector_mappingConfig-version.cmake)
Cleaning: (/home/wavb/Documents/fmSpin/Wav_B/RosPackages/ros_wav/devel/.private/hector_mapping/include/hector_mapping/HectorIterData.h, /home/wavb/Documents/fmSpin/Wav_B/RosPackages/ros_wav/devel/include/hector_mapping/HectorIterData.h)
Cleaning: (/home/wavb/Documents/fmSpin/Wav_B/RosPackages/ros_wav/devel/.private/hector_mapping/include/hector_mapping/ResetMapping.h, /home/wavb/Documents/fmSpin/Wav_B/RosPackages/ros_wav/devel/include/hector_mapping/ResetMapping.h)
Cleaning: (/home/wavb/Documents/fmSpin/Wav_B/RosPackages/ros_wav/devel/.private/hector_mapping/include/hector_mapping/ResetMappingResponse.h, /home/wavb/Documents/fmSpin/Wav_B/RosPackages/ros_wav/devel/include/hector_mapping/ResetMappingResponse.h)
Cleaning: (/home/wavb/Documents/fmSpin/Wav_B/RosPackages/ros_wav/devel/.private/hector_mapping/include/hector_mapping/HectorDebugInfo.h, /home/wavb/Documents/fmSpin/Wav_B/RosPackages/ros_wav/devel/include/hector_mapping/HectorDebugInfo.h)
Cleaning: (/home/wavb/Documents/fmSpin/Wav_B/RosPackages/ros_wav/devel/.private/hector_mapping/include/hector_mapping/ResetMappingRequest.h, /home/wavb/Documents/fmSpin/Wav_B/RosPackages/ros_wav/devel/include/hector_mapping/ResetMappingRequest.h)
Cleaning: (/home/wavb/Documents/fmSpin/Wav_B/RosPackages/ros_wav/devel/.private/hector_mapping/lib/pkgconfig/hector_mapping.pc, /home/wavb/Documents/fmSpin/Wav_B/RosPackages/ros_wav/devel/lib/pkgconfig/hector_mapping.pc)
Cleaning: (/home/wavb/Documents/fmSpin/Wav_B/RosPackages/ros_wav/devel/.private/hector_mapping/lib/python3/dist-packages/hector_mapping/__init__.py, /home/wavb/Documents/fmSpin/Wav_B/RosPackages/ros_wav/devel/lib/python3/dist-packages/hector_mapping/__init__.py)
Cleaning: (/home/wavb/Documents/fmSpin/Wav_B/RosPackages/ros_wav/devel/.private/hector_mapping/lib/python3/dist-packages/hector_mapping/msg/__init__.py, /home/wavb/Documents/fmSpin/Wav_B/RosPackages/ros_wav/devel/lib/python3/dist-packages/hector_mapping/msg/__init__.py)
Cleaning: (/home/wavb/Documents/fmSpin/Wav_B/RosPackages/ros_wav/devel/.private/hector_mapping/lib/python3/dist-packages/hector_mapping/msg/_HectorIterData.py, /home/wavb/Documents/fmSpin/Wav_B/RosPackages/ros_wav/devel/lib/python3/dist-packages/hector_mapping/msg/_HectorIterData.py)
Cleaning: (/home/wavb/Documents/fmSpin/Wav_B/RosPackages/ros_wav/devel/.private/hector_mapping/lib/python3/dist-packages/hector_mapping/msg/_HectorDebugInfo.py, /home/wavb/Documents/fmSpin/Wav_B/RosPackages/ros_wav/devel/lib/python3/dist-packages/hector_mapping/msg/_HectorDebugInfo.py)
Cleaning: (/home/wavb/Documents/fmSpin/Wav_B/RosPackages/ros_wav/devel/.private/hector_mapping/lib/python3/dist-packages/hector_mapping/srv/_ResetMapping.py, /home/wavb/Documents/fmSpin/Wav_B/RosPackages/ros_wav/devel/lib/python3/dist-packages/hector_mapping/srv/_ResetMapping.py)
Cleaning: (/home/wavb/Documents/fmSpin/Wav_B/RosPackages/ros_wav/devel/.private/hector_mapping/lib/python3/dist-packages/hector_mapping/srv/__init__.py, /home/wavb/Documents/fmSpin/Wav_B/RosPackages/ros_wav/devel/lib/python3/dist-packages/hector_mapping/srv/__init__.py)
Cleaning: (/home/wavb/Documents/fmSpin/Wav_B/RosPackages/ros_wav/devel/.private/hector_mapping/lib/hector_mapping/hector_mapping, /home/wavb/Documents/fmSpin/Wav_B/RosPackages/ros_wav/devel/lib/hector_mapping/hector_mapping)
Unlinking: /home/wavb/Documents/fmSpin/Wav_B/RosPackages/ros_wav/devel/share/gennodejs/ros/hector_mapping/_index.js
Already unlinked: {}
Unlinking: /home/wavb/Documents/fmSpin/Wav_B/RosPackages/ros_wav/devel/share/gennodejs/ros/hector_mapping/msg/_index.js
Already unlinked: {}
Unlinking: /home/wavb/Documents/fmSpin/Wav_B/RosPackages/ros_wav/devel/share/gennodejs/ros/hector_mapping/msg/HectorIterData.js
Already unlinked: {}
Unlinking: /home/wavb/Documents/fmSpin/Wav_B/RosPackages/ros_wav/devel/share/gennodejs/ros/hector_mapping/msg/HectorDebugInfo.js
Already unlinked: {}
Unlinking: /home/wavb/Documents/fmSpin/Wav_B/RosPackages/ros_wav/devel/share/gennodejs/ros/hector_mapping/srv/_index.js
Already unlinked: {}
Unlinking: /home/wavb/Documents/fmSpin/Wav_B/RosPackages/ros_wav/devel/share/gennodejs/ros/hector_mapping/srv/ResetMapping.js
Already unlinked: {}
Unlinking: /home/wavb/Documents/fmSpin/Wav_B/RosPackages/ros_wav/devel/share/common-lisp/ros/hector_mapping/msg/_package_HectorIterData.lisp
Already unlinked: {}
Unlinking: /home/wavb/Documents/fmSpin/Wav_B/RosPackages/ros_wav/devel/share/common-lisp/ros/hector_mapping/msg/hector_mapping-msg.asd
Already unlinked: {}
Unlinking: /home/wavb/Documents/fmSpin/Wav_B/RosPackages/ros_wav/devel/share/common-lisp/ros/hector_mapping/msg/HectorDebugInfo.lisp
Already unlinked: {}
Unlinking: /home/wavb/Documents/fmSpin/Wav_B/RosPackages/ros_wav/devel/share/common-lisp/ros/hector_mapping/msg/_package_HectorDebugInfo.lisp
Already unlinked: {}
Unlinking: /home/wavb/Documents/fmSpin/Wav_B/RosPackages/ros_wav/devel/share/common-lisp/ros/hector_mapping/msg/HectorIterData.lisp
Already unlinked: {}
Unlinking: /home/wavb/Documents/fmSpin/Wav_B/RosPackages/ros_wav/devel/share/common-lisp/ros/hector_mapping/msg/_package.lisp
Already unlinked: {}
Unlinking: /home/wavb/Documents/fmSpin/Wav_B/RosPackages/ros_wav/devel/share/common-lisp/ros/hector_mapping/srv/_package_ResetMapping.lisp
Already unlinked: {}
Unlinking: /home/wavb/Documents/fmSpin/Wav_B/RosPackages/ros_wav/devel/share/common-lisp/ros/hector_mapping/srv/ResetMapping.lisp
Already unlinked: {}
Unlinking: /home/wavb/Documents/fmSpin/Wav_B/RosPackages/ros_wav/devel/share/common-lisp/ros/hector_mapping/srv/hector_mapping-srv.asd
Already unlinked: {}
Unlinking: /home/wavb/Documents/fmSpin/Wav_B/RosPackages/ros_wav/devel/share/common-lisp/ros/hector_mapping/srv/_package.lisp
Already unlinked: {}
Unlinking: /home/wavb/Documents/fmSpin/Wav_B/RosPackages/ros_wav/devel/share/roseus/ros/hector_mapping/manifest.l
Already unlinked: {}
Unlinking: /home/wavb/Documents/fmSpin/Wav_B/RosPackages/ros_wav/devel/share/roseus/ros/hector_mapping/msg/HectorIterData.l
Already unlinked: {}
Unlinking: /home/wavb/Documents/fmSpin/Wav_B/RosPackages/ros_wav/devel/share/roseus/ros/hector_mapping/msg/HectorDebugInfo.l
Already unlinked: {}
Unlinking: /home/wavb/Documents/fmSpin/Wav_B/RosPackages/ros_wav/devel/share/roseus/ros/hector_mapping/srv/ResetMapping.l
Already unlinked: {}
Unlinking: /home/wavb/Documents/fmSpin/Wav_B/RosPackages/ros_wav/devel/share/hector_mapping/cmake/hector_mappingConfig.cmake
Already unlinked: {}
Unlinking: /home/wavb/Documents/fmSpin/Wav_B/RosPackages/ros_wav/devel/share/hector_mapping/cmake/hector_mapping-msg-extras.cmake
Already unlinked: {}
Unlinking: /home/wavb/Documents/fmSpin/Wav_B/RosPackages/ros_wav/devel/share/hector_mapping/cmake/hector_mapping-msg-paths.cmake
Already unlinked: {}
Unlinking: /home/wavb/Documents/fmSpin/Wav_B/RosPackages/ros_wav/devel/share/hector_mapping/cmake/hector_mappingConfig-version.cmake
Already unlinked: {}
Unlinking: /home/wavb/Documents/fmSpin/Wav_B/RosPackages/ros_wav/devel/include/hector_mapping/HectorIterData.h
Already unlinked: {}
Unlinking: /home/wavb/Documents/fmSpin/Wav_B/RosPackages/ros_wav/devel/include/hector_mapping/ResetMapping.h
Already unlinked: {}
Unlinking: /home/wavb/Documents/fmSpin/Wav_B/RosPackages/ros_wav/devel/include/hector_mapping/ResetMappingResponse.h
Already unlinked: {}
Unlinking: /home/wavb/Documents/fmSpin/Wav_B/RosPackages/ros_wav/devel/include/hector_mapping/HectorDebugInfo.h
Already unlinked: {}
Unlinking: /home/wavb/Documents/fmSpin/Wav_B/RosPackages/ros_wav/devel/include/hector_mapping/ResetMappingRequest.h
Already unlinked: {}
Unlinking: /home/wavb/Documents/fmSpin/Wav_B/RosPackages/ros_wav/devel/lib/pkgconfig/hector_mapping.pc
Already unlinked: {}
Unlinking: /home/wavb/Documents/fmSpin/Wav_B/RosPackages/ros_wav/devel/lib/python3/dist-packages/hector_mapping/__init__.py
Already unlinked: {}
Unlinking: /home/wavb/Documents/fmSpin/Wav_B/RosPackages/ros_wav/devel/lib/python3/dist-packages/hector_mapping/msg/__init__.py
Already unlinked: {}
Unlinking: /home/wavb/Documents/fmSpin/Wav_B/RosPackages/ros_wav/devel/lib/python3/dist-packages/hector_mapping/msg/_HectorIterData.py
Already unlinked: {}
Unlinking: /home/wavb/Documents/fmSpin/Wav_B/RosPackages/ros_wav/devel/lib/python3/dist-packages/hector_mapping/msg/_HectorDebugInfo.py
Already unlinked: {}
Unlinking: /home/wavb/Documents/fmSpin/Wav_B/RosPackages/ros_wav/devel/lib/python3/dist-packages/hector_mapping/srv/_ResetMapping.py
Already unlinked: {}
Unlinking: /home/wavb/Documents/fmSpin/Wav_B/RosPackages/ros_wav/devel/lib/python3/dist-packages/hector_mapping/srv/__init__.py
Already unlinked: {}
Unlinking: /home/wavb/Documents/fmSpin/Wav_B/RosPackages/ros_wav/devel/lib/hector_mapping/hector_mapping
Already unlinked: {}
