Symlinking /home/wavb/Documents/fmSpin/W.a.v_B/RosPackages/ros_wav/devel/share/hector_geotiff/cmake/hector_geotiffConfig-version.cmake
Symlinking /home/wavb/Documents/fmSpin/W.a.v_B/RosPackages/ros_wav/devel/share/hector_geotiff/cmake/hector_geotiffConfig.cmake
Symlinking /home/wavb/Documents/fmSpin/W.a.v_B/RosPackages/ros_wav/devel/lib/libgeotiff_writer.so
Symlinking /home/wavb/Documents/fmSpin/W.a.v_B/RosPackages/ros_wav/devel/lib/hector_geotiff/geotiff_node
Symlinking /home/wavb/Documents/fmSpin/W.a.v_B/RosPackages/ros_wav/devel/lib/hector_geotiff/geotiff_saver
Symlinking /home/wavb/Documents/fmSpin/W.a.v_B/RosPackages/ros_wav/devel/lib/pkgconfig/hector_geotiff.pc
Cleaning: (/home/wavb/Documents/fmSpin/Wav_B/RosPackages/ros_wav/devel/.private/hector_geotiff/cmake.lock, /home/wavb/Documents/fmSpin/Wav_B/RosPackages/ros_wav/devel/./cmake.lock)
Cleaning: (/home/wavb/Documents/fmSpin/Wav_B/RosPackages/ros_wav/devel/.private/hector_geotiff/share/hector_geotiff/cmake/hector_geotiffConfig-version.cmake, /home/wavb/Documents/fmSpin/Wav_B/RosPackages/ros_wav/devel/share/hector_geotiff/cmake/hector_geotiffConfig-version.cmake)
Cleaning: (/home/wavb/Documents/fmSpin/Wav_B/RosPackages/ros_wav/devel/.private/hector_geotiff/share/hector_geotiff/cmake/hector_geotiffConfig.cmake, /home/wavb/Documents/fmSpin/Wav_B/RosPackages/ros_wav/devel/share/hector_geotiff/cmake/hector_geotiffConfig.cmake)
Cleaning: (/home/wavb/Documents/fmSpin/Wav_B/RosPackages/ros_wav/devel/.private/hector_geotiff/lib/libgeotiff_writer.so, /home/wavb/Documents/fmSpin/Wav_B/RosPackages/ros_wav/devel/lib/libgeotiff_writer.so)
Cleaning: (/home/wavb/Documents/fmSpin/Wav_B/RosPackages/ros_wav/devel/.private/hector_geotiff/lib/hector_geotiff/geotiff_node, /home/wavb/Documents/fmSpin/Wav_B/RosPackages/ros_wav/devel/lib/hector_geotiff/geotiff_node)
Cleaning: (/home/wavb/Documents/fmSpin/Wav_B/RosPackages/ros_wav/devel/.private/hector_geotiff/lib/hector_geotiff/geotiff_saver, /home/wavb/Documents/fmSpin/Wav_B/RosPackages/ros_wav/devel/lib/hector_geotiff/geotiff_saver)
Cleaning: (/home/wavb/Documents/fmSpin/Wav_B/RosPackages/ros_wav/devel/.private/hector_geotiff/lib/pkgconfig/hector_geotiff.pc, /home/wavb/Documents/fmSpin/Wav_B/RosPackages/ros_wav/devel/lib/pkgconfig/hector_geotiff.pc)
Unlinking: /home/wavb/Documents/fmSpin/Wav_B/RosPackages/ros_wav/devel/share/hector_geotiff/cmake/hector_geotiffConfig-version.cmake
Already unlinked: {}
Unlinking: /home/wavb/Documents/fmSpin/Wav_B/RosPackages/ros_wav/devel/share/hector_geotiff/cmake/hector_geotiffConfig.cmake
Already unlinked: {}
Unlinking: /home/wavb/Documents/fmSpin/Wav_B/RosPackages/ros_wav/devel/lib/libgeotiff_writer.so
Already unlinked: {}
Unlinking: /home/wavb/Documents/fmSpin/Wav_B/RosPackages/ros_wav/devel/lib/hector_geotiff/geotiff_node
Already unlinked: {}
Unlinking: /home/wavb/Documents/fmSpin/Wav_B/RosPackages/ros_wav/devel/lib/hector_geotiff/geotiff_saver
Already unlinked: {}
Unlinking: /home/wavb/Documents/fmSpin/Wav_B/RosPackages/ros_wav/devel/lib/pkgconfig/hector_geotiff.pc
Already unlinked: {}
