Symlinking /home/wavb/Documents/fmSpin/W.a.v_B/RosPackages/ros_wav/devel/share/hector_nav_msgs/cmake/hector_nav_msgs-msg-paths.cmake
Symlinking /home/wavb/Documents/fmSpin/W.a.v_B/RosPackages/ros_wav/devel/share/hector_nav_msgs/cmake/hector_nav_msgsConfig.cmake
Symlinking /home/wavb/Documents/fmSpin/W.a.v_B/RosPackages/ros_wav/devel/share/hector_nav_msgs/cmake/hector_nav_msgsConfig-version.cmake
Symlinking /home/wavb/Documents/fmSpin/W.a.v_B/RosPackages/ros_wav/devel/share/hector_nav_msgs/cmake/hector_nav_msgs-msg-extras.cmake
Symlinking /home/wavb/Documents/fmSpin/W.a.v_B/RosPackages/ros_wav/devel/share/gennodejs/ros/hector_nav_msgs/_index.js
Symlinking /home/wavb/Documents/fmSpin/W.a.v_B/RosPackages/ros_wav/devel/share/gennodejs/ros/hector_nav_msgs/srv/GetRecoveryInfo.js
Symlinking /home/wavb/Documents/fmSpin/W.a.v_B/RosPackages/ros_wav/devel/share/gennodejs/ros/hector_nav_msgs/srv/GetDistanceToObstacle.js
Symlinking /home/wavb/Documents/fmSpin/W.a.v_B/RosPackages/ros_wav/devel/share/gennodejs/ros/hector_nav_msgs/srv/_index.js
Symlinking /home/wavb/Documents/fmSpin/W.a.v_B/RosPackages/ros_wav/devel/share/gennodejs/ros/hector_nav_msgs/srv/GetRobotTrajectory.js
Symlinking /home/wavb/Documents/fmSpin/W.a.v_B/RosPackages/ros_wav/devel/share/gennodejs/ros/hector_nav_msgs/srv/GetNormal.js
Symlinking /home/wavb/Documents/fmSpin/W.a.v_B/RosPackages/ros_wav/devel/share/gennodejs/ros/hector_nav_msgs/srv/GetSearchPosition.js
Symlinking /home/wavb/Documents/fmSpin/W.a.v_B/RosPackages/ros_wav/devel/share/common-lisp/ros/hector_nav_msgs/srv/GetNormal.lisp
Symlinking /home/wavb/Documents/fmSpin/W.a.v_B/RosPackages/ros_wav/devel/share/common-lisp/ros/hector_nav_msgs/srv/_package_GetDistanceToObstacle.lisp
Symlinking /home/wavb/Documents/fmSpin/W.a.v_B/RosPackages/ros_wav/devel/share/common-lisp/ros/hector_nav_msgs/srv/_package_GetSearchPosition.lisp
Symlinking /home/wavb/Documents/fmSpin/W.a.v_B/RosPackages/ros_wav/devel/share/common-lisp/ros/hector_nav_msgs/srv/_package_GetNormal.lisp
Symlinking /home/wavb/Documents/fmSpin/W.a.v_B/RosPackages/ros_wav/devel/share/common-lisp/ros/hector_nav_msgs/srv/GetRobotTrajectory.lisp
Symlinking /home/wavb/Documents/fmSpin/W.a.v_B/RosPackages/ros_wav/devel/share/common-lisp/ros/hector_nav_msgs/srv/_package_GetRobotTrajectory.lisp
Symlinking /home/wavb/Documents/fmSpin/W.a.v_B/RosPackages/ros_wav/devel/share/common-lisp/ros/hector_nav_msgs/srv/GetSearchPosition.lisp
Symlinking /home/wavb/Documents/fmSpin/W.a.v_B/RosPackages/ros_wav/devel/share/common-lisp/ros/hector_nav_msgs/srv/GetDistanceToObstacle.lisp
Symlinking /home/wavb/Documents/fmSpin/W.a.v_B/RosPackages/ros_wav/devel/share/common-lisp/ros/hector_nav_msgs/srv/_package_GetRecoveryInfo.lisp
Symlinking /home/wavb/Documents/fmSpin/W.a.v_B/RosPackages/ros_wav/devel/share/common-lisp/ros/hector_nav_msgs/srv/_package.lisp
Symlinking /home/wavb/Documents/fmSpin/W.a.v_B/RosPackages/ros_wav/devel/share/common-lisp/ros/hector_nav_msgs/srv/GetRecoveryInfo.lisp
Symlinking /home/wavb/Documents/fmSpin/W.a.v_B/RosPackages/ros_wav/devel/share/common-lisp/ros/hector_nav_msgs/srv/hector_nav_msgs-srv.asd
Symlinking /home/wavb/Documents/fmSpin/W.a.v_B/RosPackages/ros_wav/devel/share/roseus/ros/hector_nav_msgs/manifest.l
Symlinking /home/wavb/Documents/fmSpin/W.a.v_B/RosPackages/ros_wav/devel/share/roseus/ros/hector_nav_msgs/srv/GetDistanceToObstacle.l
Symlinking /home/wavb/Documents/fmSpin/W.a.v_B/RosPackages/ros_wav/devel/share/roseus/ros/hector_nav_msgs/srv/GetRecoveryInfo.l
Symlinking /home/wavb/Documents/fmSpin/W.a.v_B/RosPackages/ros_wav/devel/share/roseus/ros/hector_nav_msgs/srv/GetRobotTrajectory.l
Symlinking /home/wavb/Documents/fmSpin/W.a.v_B/RosPackages/ros_wav/devel/share/roseus/ros/hector_nav_msgs/srv/GetNormal.l
Symlinking /home/wavb/Documents/fmSpin/W.a.v_B/RosPackages/ros_wav/devel/share/roseus/ros/hector_nav_msgs/srv/GetSearchPosition.l
Symlinking /home/wavb/Documents/fmSpin/W.a.v_B/RosPackages/ros_wav/devel/include/hector_nav_msgs/GetDistanceToObstacle.h
Symlinking /home/wavb/Documents/fmSpin/W.a.v_B/RosPackages/ros_wav/devel/include/hector_nav_msgs/GetNormal.h
Symlinking /home/wavb/Documents/fmSpin/W.a.v_B/RosPackages/ros_wav/devel/include/hector_nav_msgs/GetDistanceToObstacleRequest.h
Symlinking /home/wavb/Documents/fmSpin/W.a.v_B/RosPackages/ros_wav/devel/include/hector_nav_msgs/GetRecoveryInfoRequest.h
Symlinking /home/wavb/Documents/fmSpin/W.a.v_B/RosPackages/ros_wav/devel/include/hector_nav_msgs/GetNormalResponse.h
Symlinking /home/wavb/Documents/fmSpin/W.a.v_B/RosPackages/ros_wav/devel/include/hector_nav_msgs/GetRobotTrajectoryRequest.h
Symlinking /home/wavb/Documents/fmSpin/W.a.v_B/RosPackages/ros_wav/devel/include/hector_nav_msgs/GetSearchPositionRequest.h
Symlinking /home/wavb/Documents/fmSpin/W.a.v_B/RosPackages/ros_wav/devel/include/hector_nav_msgs/GetSearchPosition.h
Symlinking /home/wavb/Documents/fmSpin/W.a.v_B/RosPackages/ros_wav/devel/include/hector_nav_msgs/GetRobotTrajectory.h
Symlinking /home/wavb/Documents/fmSpin/W.a.v_B/RosPackages/ros_wav/devel/include/hector_nav_msgs/GetDistanceToObstacleResponse.h
Symlinking /home/wavb/Documents/fmSpin/W.a.v_B/RosPackages/ros_wav/devel/include/hector_nav_msgs/GetSearchPositionResponse.h
Symlinking /home/wavb/Documents/fmSpin/W.a.v_B/RosPackages/ros_wav/devel/include/hector_nav_msgs/GetNormalRequest.h
Symlinking /home/wavb/Documents/fmSpin/W.a.v_B/RosPackages/ros_wav/devel/include/hector_nav_msgs/GetRecoveryInfoResponse.h
Symlinking /home/wavb/Documents/fmSpin/W.a.v_B/RosPackages/ros_wav/devel/include/hector_nav_msgs/GetRecoveryInfo.h
Symlinking /home/wavb/Documents/fmSpin/W.a.v_B/RosPackages/ros_wav/devel/include/hector_nav_msgs/GetRobotTrajectoryResponse.h
Symlinking /home/wavb/Documents/fmSpin/W.a.v_B/RosPackages/ros_wav/devel/lib/pkgconfig/hector_nav_msgs.pc
Symlinking /home/wavb/Documents/fmSpin/W.a.v_B/RosPackages/ros_wav/devel/lib/python3/dist-packages/hector_nav_msgs/__init__.py
Symlinking /home/wavb/Documents/fmSpin/W.a.v_B/RosPackages/ros_wav/devel/lib/python3/dist-packages/hector_nav_msgs/srv/_GetRobotTrajectory.py
Symlinking /home/wavb/Documents/fmSpin/W.a.v_B/RosPackages/ros_wav/devel/lib/python3/dist-packages/hector_nav_msgs/srv/__init__.py
Symlinking /home/wavb/Documents/fmSpin/W.a.v_B/RosPackages/ros_wav/devel/lib/python3/dist-packages/hector_nav_msgs/srv/_GetNormal.py
Symlinking /home/wavb/Documents/fmSpin/W.a.v_B/RosPackages/ros_wav/devel/lib/python3/dist-packages/hector_nav_msgs/srv/_GetDistanceToObstacle.py
Symlinking /home/wavb/Documents/fmSpin/W.a.v_B/RosPackages/ros_wav/devel/lib/python3/dist-packages/hector_nav_msgs/srv/_GetSearchPosition.py
Symlinking /home/wavb/Documents/fmSpin/W.a.v_B/RosPackages/ros_wav/devel/lib/python3/dist-packages/hector_nav_msgs/srv/_GetRecoveryInfo.py
Cleaning: (/home/wavb/Documents/fmSpin/Wav_B/RosPackages/ros_wav/devel/.private/hector_nav_msgs/cmake.lock, /home/wavb/Documents/fmSpin/Wav_B/RosPackages/ros_wav/devel/./cmake.lock)
Cleaning: (/home/wavb/Documents/fmSpin/Wav_B/RosPackages/ros_wav/devel/.private/hector_nav_msgs/share/hector_nav_msgs/cmake/hector_nav_msgs-msg-paths.cmake, /home/wavb/Documents/fmSpin/Wav_B/RosPackages/ros_wav/devel/share/hector_nav_msgs/cmake/hector_nav_msgs-msg-paths.cmake)
Cleaning: (/home/wavb/Documents/fmSpin/Wav_B/RosPackages/ros_wav/devel/.private/hector_nav_msgs/share/hector_nav_msgs/cmake/hector_nav_msgsConfig.cmake, /home/wavb/Documents/fmSpin/Wav_B/RosPackages/ros_wav/devel/share/hector_nav_msgs/cmake/hector_nav_msgsConfig.cmake)
Cleaning: (/home/wavb/Documents/fmSpin/Wav_B/RosPackages/ros_wav/devel/.private/hector_nav_msgs/share/hector_nav_msgs/cmake/hector_nav_msgsConfig-version.cmake, /home/wavb/Documents/fmSpin/Wav_B/RosPackages/ros_wav/devel/share/hector_nav_msgs/cmake/hector_nav_msgsConfig-version.cmake)
Cleaning: (/home/wavb/Documents/fmSpin/Wav_B/RosPackages/ros_wav/devel/.private/hector_nav_msgs/share/hector_nav_msgs/cmake/hector_nav_msgs-msg-extras.cmake, /home/wavb/Documents/fmSpin/Wav_B/RosPackages/ros_wav/devel/share/hector_nav_msgs/cmake/hector_nav_msgs-msg-extras.cmake)
Cleaning: (/home/wavb/Documents/fmSpin/Wav_B/RosPackages/ros_wav/devel/.private/hector_nav_msgs/share/gennodejs/ros/hector_nav_msgs/_index.js, /home/wavb/Documents/fmSpin/Wav_B/RosPackages/ros_wav/devel/share/gennodejs/ros/hector_nav_msgs/_index.js)
Cleaning: (/home/wavb/Documents/fmSpin/Wav_B/RosPackages/ros_wav/devel/.private/hector_nav_msgs/share/gennodejs/ros/hector_nav_msgs/srv/GetRecoveryInfo.js, /home/wavb/Documents/fmSpin/Wav_B/RosPackages/ros_wav/devel/share/gennodejs/ros/hector_nav_msgs/srv/GetRecoveryInfo.js)
Cleaning: (/home/wavb/Documents/fmSpin/Wav_B/RosPackages/ros_wav/devel/.private/hector_nav_msgs/share/gennodejs/ros/hector_nav_msgs/srv/GetDistanceToObstacle.js, /home/wavb/Documents/fmSpin/Wav_B/RosPackages/ros_wav/devel/share/gennodejs/ros/hector_nav_msgs/srv/GetDistanceToObstacle.js)
Cleaning: (/home/wavb/Documents/fmSpin/Wav_B/RosPackages/ros_wav/devel/.private/hector_nav_msgs/share/gennodejs/ros/hector_nav_msgs/srv/_index.js, /home/wavb/Documents/fmSpin/Wav_B/RosPackages/ros_wav/devel/share/gennodejs/ros/hector_nav_msgs/srv/_index.js)
Cleaning: (/home/wavb/Documents/fmSpin/Wav_B/RosPackages/ros_wav/devel/.private/hector_nav_msgs/share/gennodejs/ros/hector_nav_msgs/srv/GetRobotTrajectory.js, /home/wavb/Documents/fmSpin/Wav_B/RosPackages/ros_wav/devel/share/gennodejs/ros/hector_nav_msgs/srv/GetRobotTrajectory.js)
Cleaning: (/home/wavb/Documents/fmSpin/Wav_B/RosPackages/ros_wav/devel/.private/hector_nav_msgs/share/gennodejs/ros/hector_nav_msgs/srv/GetNormal.js, /home/wavb/Documents/fmSpin/Wav_B/RosPackages/ros_wav/devel/share/gennodejs/ros/hector_nav_msgs/srv/GetNormal.js)
Cleaning: (/home/wavb/Documents/fmSpin/Wav_B/RosPackages/ros_wav/devel/.private/hector_nav_msgs/share/gennodejs/ros/hector_nav_msgs/srv/GetSearchPosition.js, /home/wavb/Documents/fmSpin/Wav_B/RosPackages/ros_wav/devel/share/gennodejs/ros/hector_nav_msgs/srv/GetSearchPosition.js)
Cleaning: (/home/wavb/Documents/fmSpin/Wav_B/RosPackages/ros_wav/devel/.private/hector_nav_msgs/share/common-lisp/ros/hector_nav_msgs/srv/GetNormal.lisp, /home/wavb/Documents/fmSpin/Wav_B/RosPackages/ros_wav/devel/share/common-lisp/ros/hector_nav_msgs/srv/GetNormal.lisp)
Cleaning: (/home/wavb/Documents/fmSpin/Wav_B/RosPackages/ros_wav/devel/.private/hector_nav_msgs/share/common-lisp/ros/hector_nav_msgs/srv/_package_GetDistanceToObstacle.lisp, /home/wavb/Documents/fmSpin/Wav_B/RosPackages/ros_wav/devel/share/common-lisp/ros/hector_nav_msgs/srv/_package_GetDistanceToObstacle.lisp)
Cleaning: (/home/wavb/Documents/fmSpin/Wav_B/RosPackages/ros_wav/devel/.private/hector_nav_msgs/share/common-lisp/ros/hector_nav_msgs/srv/_package_GetSearchPosition.lisp, /home/wavb/Documents/fmSpin/Wav_B/RosPackages/ros_wav/devel/share/common-lisp/ros/hector_nav_msgs/srv/_package_GetSearchPosition.lisp)
Cleaning: (/home/wavb/Documents/fmSpin/Wav_B/RosPackages/ros_wav/devel/.private/hector_nav_msgs/share/common-lisp/ros/hector_nav_msgs/srv/_package_GetNormal.lisp, /home/wavb/Documents/fmSpin/Wav_B/RosPackages/ros_wav/devel/share/common-lisp/ros/hector_nav_msgs/srv/_package_GetNormal.lisp)
Cleaning: (/home/wavb/Documents/fmSpin/Wav_B/RosPackages/ros_wav/devel/.private/hector_nav_msgs/share/common-lisp/ros/hector_nav_msgs/srv/GetRobotTrajectory.lisp, /home/wavb/Documents/fmSpin/Wav_B/RosPackages/ros_wav/devel/share/common-lisp/ros/hector_nav_msgs/srv/GetRobotTrajectory.lisp)
Cleaning: (/home/wavb/Documents/fmSpin/Wav_B/RosPackages/ros_wav/devel/.private/hector_nav_msgs/share/common-lisp/ros/hector_nav_msgs/srv/_package_GetRobotTrajectory.lisp, /home/wavb/Documents/fmSpin/Wav_B/RosPackages/ros_wav/devel/share/common-lisp/ros/hector_nav_msgs/srv/_package_GetRobotTrajectory.lisp)
Cleaning: (/home/wavb/Documents/fmSpin/Wav_B/RosPackages/ros_wav/devel/.private/hector_nav_msgs/share/common-lisp/ros/hector_nav_msgs/srv/GetSearchPosition.lisp, /home/wavb/Documents/fmSpin/Wav_B/RosPackages/ros_wav/devel/share/common-lisp/ros/hector_nav_msgs/srv/GetSearchPosition.lisp)
Cleaning: (/home/wavb/Documents/fmSpin/Wav_B/RosPackages/ros_wav/devel/.private/hector_nav_msgs/share/common-lisp/ros/hector_nav_msgs/srv/GetDistanceToObstacle.lisp, /home/wavb/Documents/fmSpin/Wav_B/RosPackages/ros_wav/devel/share/common-lisp/ros/hector_nav_msgs/srv/GetDistanceToObstacle.lisp)
Cleaning: (/home/wavb/Documents/fmSpin/Wav_B/RosPackages/ros_wav/devel/.private/hector_nav_msgs/share/common-lisp/ros/hector_nav_msgs/srv/_package_GetRecoveryInfo.lisp, /home/wavb/Documents/fmSpin/Wav_B/RosPackages/ros_wav/devel/share/common-lisp/ros/hector_nav_msgs/srv/_package_GetRecoveryInfo.lisp)
Cleaning: (/home/wavb/Documents/fmSpin/Wav_B/RosPackages/ros_wav/devel/.private/hector_nav_msgs/share/common-lisp/ros/hector_nav_msgs/srv/_package.lisp, /home/wavb/Documents/fmSpin/Wav_B/RosPackages/ros_wav/devel/share/common-lisp/ros/hector_nav_msgs/srv/_package.lisp)
Cleaning: (/home/wavb/Documents/fmSpin/Wav_B/RosPackages/ros_wav/devel/.private/hector_nav_msgs/share/common-lisp/ros/hector_nav_msgs/srv/GetRecoveryInfo.lisp, /home/wavb/Documents/fmSpin/Wav_B/RosPackages/ros_wav/devel/share/common-lisp/ros/hector_nav_msgs/srv/GetRecoveryInfo.lisp)
Cleaning: (/home/wavb/Documents/fmSpin/Wav_B/RosPackages/ros_wav/devel/.private/hector_nav_msgs/share/common-lisp/ros/hector_nav_msgs/srv/hector_nav_msgs-srv.asd, /home/wavb/Documents/fmSpin/Wav_B/RosPackages/ros_wav/devel/share/common-lisp/ros/hector_nav_msgs/srv/hector_nav_msgs-srv.asd)
Cleaning: (/home/wavb/Documents/fmSpin/Wav_B/RosPackages/ros_wav/devel/.private/hector_nav_msgs/share/roseus/ros/hector_nav_msgs/manifest.l, /home/wavb/Documents/fmSpin/Wav_B/RosPackages/ros_wav/devel/share/roseus/ros/hector_nav_msgs/manifest.l)
Cleaning: (/home/wavb/Documents/fmSpin/Wav_B/RosPackages/ros_wav/devel/.private/hector_nav_msgs/share/roseus/ros/hector_nav_msgs/srv/GetDistanceToObstacle.l, /home/wavb/Documents/fmSpin/Wav_B/RosPackages/ros_wav/devel/share/roseus/ros/hector_nav_msgs/srv/GetDistanceToObstacle.l)
Cleaning: (/home/wavb/Documents/fmSpin/Wav_B/RosPackages/ros_wav/devel/.private/hector_nav_msgs/share/roseus/ros/hector_nav_msgs/srv/GetRecoveryInfo.l, /home/wavb/Documents/fmSpin/Wav_B/RosPackages/ros_wav/devel/share/roseus/ros/hector_nav_msgs/srv/GetRecoveryInfo.l)
Cleaning: (/home/wavb/Documents/fmSpin/Wav_B/RosPackages/ros_wav/devel/.private/hector_nav_msgs/share/roseus/ros/hector_nav_msgs/srv/GetRobotTrajectory.l, /home/wavb/Documents/fmSpin/Wav_B/RosPackages/ros_wav/devel/share/roseus/ros/hector_nav_msgs/srv/GetRobotTrajectory.l)
Cleaning: (/home/wavb/Documents/fmSpin/Wav_B/RosPackages/ros_wav/devel/.private/hector_nav_msgs/share/roseus/ros/hector_nav_msgs/srv/GetNormal.l, /home/wavb/Documents/fmSpin/Wav_B/RosPackages/ros_wav/devel/share/roseus/ros/hector_nav_msgs/srv/GetNormal.l)
Cleaning: (/home/wavb/Documents/fmSpin/Wav_B/RosPackages/ros_wav/devel/.private/hector_nav_msgs/share/roseus/ros/hector_nav_msgs/srv/GetSearchPosition.l, /home/wavb/Documents/fmSpin/Wav_B/RosPackages/ros_wav/devel/share/roseus/ros/hector_nav_msgs/srv/GetSearchPosition.l)
Cleaning: (/home/wavb/Documents/fmSpin/Wav_B/RosPackages/ros_wav/devel/.private/hector_nav_msgs/include/hector_nav_msgs/GetDistanceToObstacle.h, /home/wavb/Documents/fmSpin/Wav_B/RosPackages/ros_wav/devel/include/hector_nav_msgs/GetDistanceToObstacle.h)
Cleaning: (/home/wavb/Documents/fmSpin/Wav_B/RosPackages/ros_wav/devel/.private/hector_nav_msgs/include/hector_nav_msgs/GetNormal.h, /home/wavb/Documents/fmSpin/Wav_B/RosPackages/ros_wav/devel/include/hector_nav_msgs/GetNormal.h)
Cleaning: (/home/wavb/Documents/fmSpin/Wav_B/RosPackages/ros_wav/devel/.private/hector_nav_msgs/include/hector_nav_msgs/GetDistanceToObstacleRequest.h, /home/wavb/Documents/fmSpin/Wav_B/RosPackages/ros_wav/devel/include/hector_nav_msgs/GetDistanceToObstacleRequest.h)
Cleaning: (/home/wavb/Documents/fmSpin/Wav_B/RosPackages/ros_wav/devel/.private/hector_nav_msgs/include/hector_nav_msgs/GetRecoveryInfoRequest.h, /home/wavb/Documents/fmSpin/Wav_B/RosPackages/ros_wav/devel/include/hector_nav_msgs/GetRecoveryInfoRequest.h)
Cleaning: (/home/wavb/Documents/fmSpin/Wav_B/RosPackages/ros_wav/devel/.private/hector_nav_msgs/include/hector_nav_msgs/GetNormalResponse.h, /home/wavb/Documents/fmSpin/Wav_B/RosPackages/ros_wav/devel/include/hector_nav_msgs/GetNormalResponse.h)
Cleaning: (/home/wavb/Documents/fmSpin/Wav_B/RosPackages/ros_wav/devel/.private/hector_nav_msgs/include/hector_nav_msgs/GetRobotTrajectoryRequest.h, /home/wavb/Documents/fmSpin/Wav_B/RosPackages/ros_wav/devel/include/hector_nav_msgs/GetRobotTrajectoryRequest.h)
Cleaning: (/home/wavb/Documents/fmSpin/Wav_B/RosPackages/ros_wav/devel/.private/hector_nav_msgs/include/hector_nav_msgs/GetSearchPositionRequest.h, /home/wavb/Documents/fmSpin/Wav_B/RosPackages/ros_wav/devel/include/hector_nav_msgs/GetSearchPositionRequest.h)
Cleaning: (/home/wavb/Documents/fmSpin/Wav_B/RosPackages/ros_wav/devel/.private/hector_nav_msgs/include/hector_nav_msgs/GetSearchPosition.h, /home/wavb/Documents/fmSpin/Wav_B/RosPackages/ros_wav/devel/include/hector_nav_msgs/GetSearchPosition.h)
Cleaning: (/home/wavb/Documents/fmSpin/Wav_B/RosPackages/ros_wav/devel/.private/hector_nav_msgs/include/hector_nav_msgs/GetRobotTrajectory.h, /home/wavb/Documents/fmSpin/Wav_B/RosPackages/ros_wav/devel/include/hector_nav_msgs/GetRobotTrajectory.h)
Cleaning: (/home/wavb/Documents/fmSpin/Wav_B/RosPackages/ros_wav/devel/.private/hector_nav_msgs/include/hector_nav_msgs/GetDistanceToObstacleResponse.h, /home/wavb/Documents/fmSpin/Wav_B/RosPackages/ros_wav/devel/include/hector_nav_msgs/GetDistanceToObstacleResponse.h)
Cleaning: (/home/wavb/Documents/fmSpin/Wav_B/RosPackages/ros_wav/devel/.private/hector_nav_msgs/include/hector_nav_msgs/GetSearchPositionResponse.h, /home/wavb/Documents/fmSpin/Wav_B/RosPackages/ros_wav/devel/include/hector_nav_msgs/GetSearchPositionResponse.h)
Cleaning: (/home/wavb/Documents/fmSpin/Wav_B/RosPackages/ros_wav/devel/.private/hector_nav_msgs/include/hector_nav_msgs/GetNormalRequest.h, /home/wavb/Documents/fmSpin/Wav_B/RosPackages/ros_wav/devel/include/hector_nav_msgs/GetNormalRequest.h)
Cleaning: (/home/wavb/Documents/fmSpin/Wav_B/RosPackages/ros_wav/devel/.private/hector_nav_msgs/include/hector_nav_msgs/GetRecoveryInfoResponse.h, /home/wavb/Documents/fmSpin/Wav_B/RosPackages/ros_wav/devel/include/hector_nav_msgs/GetRecoveryInfoResponse.h)
Cleaning: (/home/wavb/Documents/fmSpin/Wav_B/RosPackages/ros_wav/devel/.private/hector_nav_msgs/include/hector_nav_msgs/GetRecoveryInfo.h, /home/wavb/Documents/fmSpin/Wav_B/RosPackages/ros_wav/devel/include/hector_nav_msgs/GetRecoveryInfo.h)
Cleaning: (/home/wavb/Documents/fmSpin/Wav_B/RosPackages/ros_wav/devel/.private/hector_nav_msgs/include/hector_nav_msgs/GetRobotTrajectoryResponse.h, /home/wavb/Documents/fmSpin/Wav_B/RosPackages/ros_wav/devel/include/hector_nav_msgs/GetRobotTrajectoryResponse.h)
Cleaning: (/home/wavb/Documents/fmSpin/Wav_B/RosPackages/ros_wav/devel/.private/hector_nav_msgs/lib/pkgconfig/hector_nav_msgs.pc, /home/wavb/Documents/fmSpin/Wav_B/RosPackages/ros_wav/devel/lib/pkgconfig/hector_nav_msgs.pc)
Cleaning: (/home/wavb/Documents/fmSpin/Wav_B/RosPackages/ros_wav/devel/.private/hector_nav_msgs/lib/python3/dist-packages/hector_nav_msgs/__init__.py, /home/wavb/Documents/fmSpin/Wav_B/RosPackages/ros_wav/devel/lib/python3/dist-packages/hector_nav_msgs/__init__.py)
Cleaning: (/home/wavb/Documents/fmSpin/Wav_B/RosPackages/ros_wav/devel/.private/hector_nav_msgs/lib/python3/dist-packages/hector_nav_msgs/srv/_GetRobotTrajectory.py, /home/wavb/Documents/fmSpin/Wav_B/RosPackages/ros_wav/devel/lib/python3/dist-packages/hector_nav_msgs/srv/_GetRobotTrajectory.py)
Cleaning: (/home/wavb/Documents/fmSpin/Wav_B/RosPackages/ros_wav/devel/.private/hector_nav_msgs/lib/python3/dist-packages/hector_nav_msgs/srv/__init__.py, /home/wavb/Documents/fmSpin/Wav_B/RosPackages/ros_wav/devel/lib/python3/dist-packages/hector_nav_msgs/srv/__init__.py)
Cleaning: (/home/wavb/Documents/fmSpin/Wav_B/RosPackages/ros_wav/devel/.private/hector_nav_msgs/lib/python3/dist-packages/hector_nav_msgs/srv/_GetNormal.py, /home/wavb/Documents/fmSpin/Wav_B/RosPackages/ros_wav/devel/lib/python3/dist-packages/hector_nav_msgs/srv/_GetNormal.py)
Cleaning: (/home/wavb/Documents/fmSpin/Wav_B/RosPackages/ros_wav/devel/.private/hector_nav_msgs/lib/python3/dist-packages/hector_nav_msgs/srv/_GetDistanceToObstacle.py, /home/wavb/Documents/fmSpin/Wav_B/RosPackages/ros_wav/devel/lib/python3/dist-packages/hector_nav_msgs/srv/_GetDistanceToObstacle.py)
Cleaning: (/home/wavb/Documents/fmSpin/Wav_B/RosPackages/ros_wav/devel/.private/hector_nav_msgs/lib/python3/dist-packages/hector_nav_msgs/srv/_GetSearchPosition.py, /home/wavb/Documents/fmSpin/Wav_B/RosPackages/ros_wav/devel/lib/python3/dist-packages/hector_nav_msgs/srv/_GetSearchPosition.py)
Cleaning: (/home/wavb/Documents/fmSpin/Wav_B/RosPackages/ros_wav/devel/.private/hector_nav_msgs/lib/python3/dist-packages/hector_nav_msgs/srv/_GetRecoveryInfo.py, /home/wavb/Documents/fmSpin/Wav_B/RosPackages/ros_wav/devel/lib/python3/dist-packages/hector_nav_msgs/srv/_GetRecoveryInfo.py)
Unlinking: /home/wavb/Documents/fmSpin/Wav_B/RosPackages/ros_wav/devel/share/hector_nav_msgs/cmake/hector_nav_msgs-msg-paths.cmake
Already unlinked: {}
Unlinking: /home/wavb/Documents/fmSpin/Wav_B/RosPackages/ros_wav/devel/share/hector_nav_msgs/cmake/hector_nav_msgsConfig.cmake
Already unlinked: {}
Unlinking: /home/wavb/Documents/fmSpin/Wav_B/RosPackages/ros_wav/devel/share/hector_nav_msgs/cmake/hector_nav_msgsConfig-version.cmake
Already unlinked: {}
Unlinking: /home/wavb/Documents/fmSpin/Wav_B/RosPackages/ros_wav/devel/share/hector_nav_msgs/cmake/hector_nav_msgs-msg-extras.cmake
Already unlinked: {}
Unlinking: /home/wavb/Documents/fmSpin/Wav_B/RosPackages/ros_wav/devel/share/gennodejs/ros/hector_nav_msgs/_index.js
Already unlinked: {}
Unlinking: /home/wavb/Documents/fmSpin/Wav_B/RosPackages/ros_wav/devel/share/gennodejs/ros/hector_nav_msgs/srv/GetRecoveryInfo.js
Already unlinked: {}
Unlinking: /home/wavb/Documents/fmSpin/Wav_B/RosPackages/ros_wav/devel/share/gennodejs/ros/hector_nav_msgs/srv/GetDistanceToObstacle.js
Already unlinked: {}
Unlinking: /home/wavb/Documents/fmSpin/Wav_B/RosPackages/ros_wav/devel/share/gennodejs/ros/hector_nav_msgs/srv/_index.js
Already unlinked: {}
Unlinking: /home/wavb/Documents/fmSpin/Wav_B/RosPackages/ros_wav/devel/share/gennodejs/ros/hector_nav_msgs/srv/GetRobotTrajectory.js
Already unlinked: {}
Unlinking: /home/wavb/Documents/fmSpin/Wav_B/RosPackages/ros_wav/devel/share/gennodejs/ros/hector_nav_msgs/srv/GetNormal.js
Already unlinked: {}
Unlinking: /home/wavb/Documents/fmSpin/Wav_B/RosPackages/ros_wav/devel/share/gennodejs/ros/hector_nav_msgs/srv/GetSearchPosition.js
Already unlinked: {}
Unlinking: /home/wavb/Documents/fmSpin/Wav_B/RosPackages/ros_wav/devel/share/common-lisp/ros/hector_nav_msgs/srv/GetNormal.lisp
Already unlinked: {}
Unlinking: /home/wavb/Documents/fmSpin/Wav_B/RosPackages/ros_wav/devel/share/common-lisp/ros/hector_nav_msgs/srv/_package_GetDistanceToObstacle.lisp
Already unlinked: {}
Unlinking: /home/wavb/Documents/fmSpin/Wav_B/RosPackages/ros_wav/devel/share/common-lisp/ros/hector_nav_msgs/srv/_package_GetSearchPosition.lisp
Already unlinked: {}
Unlinking: /home/wavb/Documents/fmSpin/Wav_B/RosPackages/ros_wav/devel/share/common-lisp/ros/hector_nav_msgs/srv/_package_GetNormal.lisp
Already unlinked: {}
Unlinking: /home/wavb/Documents/fmSpin/Wav_B/RosPackages/ros_wav/devel/share/common-lisp/ros/hector_nav_msgs/srv/GetRobotTrajectory.lisp
Already unlinked: {}
Unlinking: /home/wavb/Documents/fmSpin/Wav_B/RosPackages/ros_wav/devel/share/common-lisp/ros/hector_nav_msgs/srv/_package_GetRobotTrajectory.lisp
Already unlinked: {}
Unlinking: /home/wavb/Documents/fmSpin/Wav_B/RosPackages/ros_wav/devel/share/common-lisp/ros/hector_nav_msgs/srv/GetSearchPosition.lisp
Already unlinked: {}
Unlinking: /home/wavb/Documents/fmSpin/Wav_B/RosPackages/ros_wav/devel/share/common-lisp/ros/hector_nav_msgs/srv/GetDistanceToObstacle.lisp
Already unlinked: {}
Unlinking: /home/wavb/Documents/fmSpin/Wav_B/RosPackages/ros_wav/devel/share/common-lisp/ros/hector_nav_msgs/srv/_package_GetRecoveryInfo.lisp
Already unlinked: {}
Unlinking: /home/wavb/Documents/fmSpin/Wav_B/RosPackages/ros_wav/devel/share/common-lisp/ros/hector_nav_msgs/srv/_package.lisp
Already unlinked: {}
Unlinking: /home/wavb/Documents/fmSpin/Wav_B/RosPackages/ros_wav/devel/share/common-lisp/ros/hector_nav_msgs/srv/GetRecoveryInfo.lisp
Already unlinked: {}
Unlinking: /home/wavb/Documents/fmSpin/Wav_B/RosPackages/ros_wav/devel/share/common-lisp/ros/hector_nav_msgs/srv/hector_nav_msgs-srv.asd
Already unlinked: {}
Unlinking: /home/wavb/Documents/fmSpin/Wav_B/RosPackages/ros_wav/devel/share/roseus/ros/hector_nav_msgs/manifest.l
Already unlinked: {}
Unlinking: /home/wavb/Documents/fmSpin/Wav_B/RosPackages/ros_wav/devel/share/roseus/ros/hector_nav_msgs/srv/GetDistanceToObstacle.l
Already unlinked: {}
Unlinking: /home/wavb/Documents/fmSpin/Wav_B/RosPackages/ros_wav/devel/share/roseus/ros/hector_nav_msgs/srv/GetRecoveryInfo.l
Already unlinked: {}
Unlinking: /home/wavb/Documents/fmSpin/Wav_B/RosPackages/ros_wav/devel/share/roseus/ros/hector_nav_msgs/srv/GetRobotTrajectory.l
Already unlinked: {}
Unlinking: /home/wavb/Documents/fmSpin/Wav_B/RosPackages/ros_wav/devel/share/roseus/ros/hector_nav_msgs/srv/GetNormal.l
Already unlinked: {}
Unlinking: /home/wavb/Documents/fmSpin/Wav_B/RosPackages/ros_wav/devel/share/roseus/ros/hector_nav_msgs/srv/GetSearchPosition.l
Already unlinked: {}
Unlinking: /home/wavb/Documents/fmSpin/Wav_B/RosPackages/ros_wav/devel/include/hector_nav_msgs/GetDistanceToObstacle.h
Already unlinked: {}
Unlinking: /home/wavb/Documents/fmSpin/Wav_B/RosPackages/ros_wav/devel/include/hector_nav_msgs/GetNormal.h
Already unlinked: {}
Unlinking: /home/wavb/Documents/fmSpin/Wav_B/RosPackages/ros_wav/devel/include/hector_nav_msgs/GetDistanceToObstacleRequest.h
Already unlinked: {}
Unlinking: /home/wavb/Documents/fmSpin/Wav_B/RosPackages/ros_wav/devel/include/hector_nav_msgs/GetRecoveryInfoRequest.h
Already unlinked: {}
Unlinking: /home/wavb/Documents/fmSpin/Wav_B/RosPackages/ros_wav/devel/include/hector_nav_msgs/GetNormalResponse.h
Already unlinked: {}
Unlinking: /home/wavb/Documents/fmSpin/Wav_B/RosPackages/ros_wav/devel/include/hector_nav_msgs/GetRobotTrajectoryRequest.h
Already unlinked: {}
Unlinking: /home/wavb/Documents/fmSpin/Wav_B/RosPackages/ros_wav/devel/include/hector_nav_msgs/GetSearchPositionRequest.h
Already unlinked: {}
Unlinking: /home/wavb/Documents/fmSpin/Wav_B/RosPackages/ros_wav/devel/include/hector_nav_msgs/GetSearchPosition.h
Already unlinked: {}
Unlinking: /home/wavb/Documents/fmSpin/Wav_B/RosPackages/ros_wav/devel/include/hector_nav_msgs/GetRobotTrajectory.h
Already unlinked: {}
Unlinking: /home/wavb/Documents/fmSpin/Wav_B/RosPackages/ros_wav/devel/include/hector_nav_msgs/GetDistanceToObstacleResponse.h
Already unlinked: {}
Unlinking: /home/wavb/Documents/fmSpin/Wav_B/RosPackages/ros_wav/devel/include/hector_nav_msgs/GetSearchPositionResponse.h
Already unlinked: {}
Unlinking: /home/wavb/Documents/fmSpin/Wav_B/RosPackages/ros_wav/devel/include/hector_nav_msgs/GetNormalRequest.h
Already unlinked: {}
Unlinking: /home/wavb/Documents/fmSpin/Wav_B/RosPackages/ros_wav/devel/include/hector_nav_msgs/GetRecoveryInfoResponse.h
Already unlinked: {}
Unlinking: /home/wavb/Documents/fmSpin/Wav_B/RosPackages/ros_wav/devel/include/hector_nav_msgs/GetRecoveryInfo.h
Already unlinked: {}
Unlinking: /home/wavb/Documents/fmSpin/Wav_B/RosPackages/ros_wav/devel/include/hector_nav_msgs/GetRobotTrajectoryResponse.h
Already unlinked: {}
Unlinking: /home/wavb/Documents/fmSpin/Wav_B/RosPackages/ros_wav/devel/lib/pkgconfig/hector_nav_msgs.pc
Already unlinked: {}
Unlinking: /home/wavb/Documents/fmSpin/Wav_B/RosPackages/ros_wav/devel/lib/python3/dist-packages/hector_nav_msgs/__init__.py
Already unlinked: {}
Unlinking: /home/wavb/Documents/fmSpin/Wav_B/RosPackages/ros_wav/devel/lib/python3/dist-packages/hector_nav_msgs/srv/_GetRobotTrajectory.py
Already unlinked: {}
Unlinking: /home/wavb/Documents/fmSpin/Wav_B/RosPackages/ros_wav/devel/lib/python3/dist-packages/hector_nav_msgs/srv/__init__.py
Already unlinked: {}
Unlinking: /home/wavb/Documents/fmSpin/Wav_B/RosPackages/ros_wav/devel/lib/python3/dist-packages/hector_nav_msgs/srv/_GetNormal.py
Already unlinked: {}
Unlinking: /home/wavb/Documents/fmSpin/Wav_B/RosPackages/ros_wav/devel/lib/python3/dist-packages/hector_nav_msgs/srv/_GetDistanceToObstacle.py
Already unlinked: {}
Unlinking: /home/wavb/Documents/fmSpin/Wav_B/RosPackages/ros_wav/devel/lib/python3/dist-packages/hector_nav_msgs/srv/_GetSearchPosition.py
Already unlinked: {}
Unlinking: /home/wavb/Documents/fmSpin/Wav_B/RosPackages/ros_wav/devel/lib/python3/dist-packages/hector_nav_msgs/srv/_GetRecoveryInfo.py
Already unlinked: {}
